[ 2015-09-14T20:34:25+08:00 ] 127.0.0.1 /blog/
INFO: [ app_init ] --START--
INFO: Run Behavior\BuildLiteBehavior [ RunTime:0.000042s ]
INFO: [ app_init ] --END-- [ RunTime:0.001484s ]
INFO: [ app_begin ] --START--
INFO: Run Behavior\ReadHtmlCacheBehavior [ RunTime:0.001837s ]
INFO: [ app_begin ] --END-- [ RunTime:0.002017s ]

[ 2015-09-14T20:34:26+08:00 ] 127.0.0.1 /blog/index.php/Home/Register/register.html
INFO: [ app_init ] --START--
INFO: Run Behavior\BuildLiteBehavior [ RunTime:0.000036s ]
INFO: [ app_init ] --END-- [ RunTime:0.000898s ]
INFO: [ app_begin ] --START--
INFO: Run Behavior\ReadHtmlCacheBehavior [ RunTime:0.001737s ]
INFO: [ app_begin ] --END-- [ RunTime:0.001914s ]
INFO: [ view_parse ] --START--
INFO: [ template_filter ] --START--
INFO: Run Behavior\ContentReplaceBehavior [ RunTime:0.000276s ]
INFO: [ template_filter ] --END-- [ RunTime:0.000497s ]
INFO: Run Behavior\ParseTemplateBehavior [ RunTime:0.175169s ]
INFO: [ view_parse ] --END-- [ RunTime:0.175385s ]
INFO: [ view_filter ] --START--
INFO: Run Behavior\WriteHtmlCacheBehavior [ RunTime:0.028994s ]
INFO: [ view_filter ] --END-- [ RunTime:0.029168s ]
INFO: [ app_end ] --START--
INFO: Run Behavior\ShowPageTraceBehavior [ RunTime:0.028498s ]
INFO: [ app_end ] --END-- [ RunTime:0.028684s ]

[ 2015-09-14T20:34:34+08:00 ] 127.0.0.1 /blog/index.php/Home/Register/verifyImg
INFO: [ app_init ] --START--
INFO: Run Behavior\BuildLiteBehavior [ RunTime:0.000072s ]
INFO: [ app_init ] --END-- [ RunTime:0.002096s ]
INFO: [ app_begin ] --START--
INFO: Run Behavior\ReadHtmlCacheBehavior [ RunTime:0.001707s ]
INFO: [ app_begin ] --END-- [ RunTime:0.001900s ]
INFO: [ app_end ] --START--
INFO: Run Behavior\ShowPageTraceBehavior [ RunTime:0.001762s ]
INFO: [ app_end ] --END-- [ RunTime:0.001961s ]

[ 2015-09-14T20:35:19+08:00 ] 127.0.0.1 /blog/index.php/Home/Login/dologin.html
INFO: [ app_init ] --START--
INFO: Run Behavior\BuildLiteBehavior [ RunTime:0.000039s ]
INFO: [ app_init ] --END-- [ RunTime:0.000982s ]
INFO: [ app_begin ] --START--
INFO: Run Behavior\ReadHtmlCacheBehavior [ RunTime:0.001505s ]
INFO: [ app_begin ] --END-- [ RunTime:0.001680s ]
SQL: SELECT * FROM `blog_user` WHERE `email` = 'apeng1@qq.com' LIMIT 1   [ RunTime:0.9182s ]
SQL: SELECT * FROM `blog_user` WHERE `id` = 52 LIMIT 1   [ RunTime:0.0014s ]
SQL: UPDATE `blog_user` SET `experience`='195' WHERE `id` = 52 [ RunTime:0.5237s ]

[ 2015-09-14T20:35:21+08:00 ] 127.0.0.1 /blog/index.php/Home/Index/index.html
INFO: [ app_init ] --START--
INFO: Run Behavior\BuildLiteBehavior [ RunTime:0.000039s ]
INFO: [ app_init ] --END-- [ RunTime:0.000914s ]
INFO: [ app_begin ] --START--
INFO: Run Behavior\ReadHtmlCacheBehavior [ RunTime:0.001385s ]
INFO: [ app_begin ] --END-- [ RunTime:0.001559s ]
SQL: SELECT * FROM `blog_head_img` WHERE `uid` = 52 LIMIT 1   [ RunTime:0.5098s ]
SQL: SELECT * FROM `blog_visitor` WHERE `uid` = 52 GROUP BY visitor ORDER BY addtime desc LIMIT 9   [ RunTime:0.6731s ]
SQL: SELECT * FROM `blog_head_img` WHERE `uid` = 61 LIMIT 1   [ RunTime:0.0011s ]
SQL: SELECT * FROM `blog_user` WHERE `id` = 61 LIMIT 1   [ RunTime:0.0011s ]
SQL: SELECT * FROM `blog_head_img` WHERE `uid` = 53 LIMIT 1   [ RunTime:0.0008s ]
SQL: SELECT * FROM `blog_user` WHERE `id` = 53 LIMIT 1   [ RunTime:0.0027s ]
SQL: SELECT * FROM `blog_user` WHERE `id` = 52 LIMIT 1   [ RunTime:0.0008s ]
SQL: SELECT * FROM `blog_news` ORDER BY addtime desc LIMIT 6   [ RunTime:0.0693s ]
INFO: [ view_parse ] --START--
INFO: [ template_filter ] --START--
INFO: Run Behavior\ContentReplaceBehavior [ RunTime:0.000358s ]
INFO: [ template_filter ] --END-- [ RunTime:0.000525s ]
INFO: Run Behavior\ParseTemplateBehavior [ RunTime:0.077767s ]
INFO: [ view_parse ] --END-- [ RunTime:0.077962s ]
INFO: [ view_filter ] --START--
INFO: Run Behavior\WriteHtmlCacheBehavior [ RunTime:0.000930s ]
INFO: [ view_filter ] --END-- [ RunTime:0.001060s ]
INFO: [ app_end ] --START--
INFO: Run Behavior\ShowPageTraceBehavior [ RunTime:0.001346s ]
INFO: [ app_end ] --END-- [ RunTime:0.001493s ]

[ 2015-09-14T20:35:26+08:00 ] 127.0.0.1 /blog/index.php/Home/Mydong/friend.html
INFO: [ app_init ] --START--
INFO: Run Behavior\BuildLiteBehavior [ RunTime:0.000045s ]
INFO: [ app_init ] --END-- [ RunTime:0.001089s ]
INFO: [ app_begin ] --START--
INFO: Run Behavior\ReadHtmlCacheBehavior [ RunTime:0.001794s ]
INFO: [ app_begin ] --END-- [ RunTime:0.001969s ]
NOTIC: [8] Undefined index: uid D:\files\wamp\www\blog\Application\Home\Controller\MydongController.class.php 第 71 行.
SQL: SELECT `fidlist` FROM `blog_friend` WHERE `uid` = 52  [ RunTime:1.1868s ]
SQL: SELECT * FROM `blog_record` WHERE ( uid in (56,53,61,61) ) ORDER BY addtime desc LIMIT 10   [ RunTime:0.1830s ]
SQL: SELECT * FROM `blog_user` WHERE `id` = 61 LIMIT 1   [ RunTime:0.0011s ]
SQL: SELECT * FROM `blog_head_img` WHERE `uid` = 61 LIMIT 1   [ RunTime:0.0006s ]
SQL: SELECT * FROM `blog_user` WHERE `id` = 61 LIMIT 1   [ RunTime:0.0009s ]
SQL: SELECT * FROM `blog_head_img` WHERE `uid` = 61 LIMIT 1   [ RunTime:0.0005s ]
SQL: SELECT * FROM `blog_user` WHERE `id` = 53 LIMIT 1   [ RunTime:0.0007s ]
SQL: SELECT * FROM `blog_head_img` WHERE `uid` = 53 LIMIT 1   [ RunTime:0.0005s ]
SQL: SELECT * FROM `blog_user` WHERE `id` = 53 LIMIT 1   [ RunTime:0.0007s ]
SQL: SELECT * FROM `blog_head_img` WHERE `uid` = 53 LIMIT 1   [ RunTime:0.0009s ]
SQL: SELECT * FROM `blog_user` WHERE `id` = 53 LIMIT 1   [ RunTime:0.0008s ]
SQL: SELECT * FROM `blog_head_img` WHERE `uid` = 53 LIMIT 1   [ RunTime:0.0006s ]
SQL: SELECT * FROM `blog_user` WHERE `id` = 53 LIMIT 1   [ RunTime:0.0006s ]
SQL: SELECT * FROM `blog_head_img` WHERE `uid` = 53 LIMIT 1   [ RunTime:0.0005s ]
SQL: SELECT * FROM `blog_mood` WHERE ( uid in (56,53,61,61) ) ORDER BY addtime desc LIMIT 3   [ RunTime:0.2744s ]
SQL: SELECT * FROM `blog_log_cate` WHERE ( uid in (56,53,61,61) )  [ RunTime:0.2070s ]
NOTIC: [2048] Declaration of Home\Controller\LogController::theme() should be compatible with Think\Controller::theme($theme) D:\files\wamp\www\blog\Application\Home\Controller\LogController.class.php 第 322 行.
SQL: SELECT * FROM `blog_log` WHERE ( cid in (39,42,47,49) ) ORDER BY addtime desc LIMIT 3   [ RunTime:0.0465s ]
INFO: [ view_parse ] --START--
INFO: [ template_filter ] --START--
INFO: Run Behavior\ContentReplaceBehavior [ RunTime:0.000135s ]
INFO: [ template_filter ] --END-- [ RunTime:0.000314s ]
NOTIC: [8] Use of undefined constant title - assumed 'title' D:\files\wamp\www\blog\Application\Runtime\Cache\Home\096c0501a97510b87ff0ba23b4c95a80.php 第 11 行.
NOTIC: [8] Undefined index: review D:\files\wamp\www\blog\Application\Runtime\Cache\Home\096c0501a97510b87ff0ba23b4c95a80.php 第 17 行.
NOTIC: [8] Undefined index: uid D:\files\wamp\www\blog\Application\Runtime\Cache\Home\096c0501a97510b87ff0ba23b4c95a80.php 第 65 行.
NOTIC: [8] Use of undefined constant title - assumed 'title' D:\files\wamp\www\blog\Application\Runtime\Cache\Home\096c0501a97510b87ff0ba23b4c95a80.php 第 11 行.
NOTIC: [8] Undefined index: title D:\files\wamp\www\blog\Application\Runtime\Cache\Home\096c0501a97510b87ff0ba23b4c95a80.php 第 11 行.
NOTIC: [8] Undefined index: review D:\files\wamp\www\blog\Application\Runtime\Cache\Home\096c0501a97510b87ff0ba23b4c95a80.php 第 17 行.
NOTIC: [8] Use of undefined constant title - assumed 'title' D:\files\wamp\www\blog\Application\Runtime\Cache\Home\096c0501a97510b87ff0ba23b4c95a80.php 第 11 行.
NOTIC: [8] Undefined index: review D:\files\wamp\www\blog\Application\Runtime\Cache\Home\096c0501a97510b87ff0ba23b4c95a80.php 第 17 行.
NOTIC: [8] Undefined index: uid D:\files\wamp\www\blog\Application\Runtime\Cache\Home\096c0501a97510b87ff0ba23b4c95a80.php 第 65 行.
NOTIC: [8] Use of undefined constant title - assumed 'title' D:\files\wamp\www\blog\Application\Runtime\Cache\Home\096c0501a97510b87ff0ba23b4c95a80.php 第 11 行.
NOTIC: [8] Undefined index: title D:\files\wamp\www\blog\Application\Runtime\Cache\Home\096c0501a97510b87ff0ba23b4c95a80.php 第 11 行.
NOTIC: [8] Undefined index: review D:\files\wamp\www\blog\Application\Runtime\Cache\Home\096c0501a97510b87ff0ba23b4c95a80.php 第 17 行.
NOTIC: [8] Use of undefined constant title - assumed 'title' D:\files\wamp\www\blog\Application\Runtime\Cache\Home\096c0501a97510b87ff0ba23b4c95a80.php 第 11 行.
NOTIC: [8] Undefined index: title D:\files\wamp\www\blog\Application\Runtime\Cache\Home\096c0501a97510b87ff0ba23b4c95a80.php 第 11 行.
NOTIC: [8] Undefined index: review D:\files\wamp\www\blog\Application\Runtime\Cache\Home\096c0501a97510b87ff0ba23b4c95a80.php 第 17 行.
INFO: Run Behavior\ParseTemplateBehavior [ RunTime:0.197694s ]
INFO: [ view_parse ] --END-- [ RunTime:0.197865s ]
INFO: [ view_filter ] --START--
INFO: Run Behavior\WriteHtmlCacheBehavior [ RunTime:0.001040s ]
INFO: [ view_filter ] --END-- [ RunTime:0.001167s ]
INFO: [ app_end ] --START--
INFO: Run Behavior\ShowPageTraceBehavior [ RunTime:0.001495s ]
INFO: [ app_end ] --END-- [ RunTime:0.001642s ]

