[ 2015-09-04T09:23:02+08:00 ] 127.0.0.1 /blog/
INFO: [ app_init ] --START--
INFO: Run Behavior\BuildLiteBehavior [ RunTime:0.000082s ]
INFO: [ app_init ] --END-- [ RunTime:0.002446s ]
INFO: [ app_begin ] --START--
INFO: Run Behavior\ReadHtmlCacheBehavior [ RunTime:0.002987s ]
INFO: [ app_begin ] --END-- [ RunTime:0.003376s ]

[ 2015-09-04T09:23:03+08:00 ] 127.0.0.1 /blog/index.php/Home/Register/register.html
INFO: [ app_init ] --START--
INFO: Run Behavior\BuildLiteBehavior [ RunTime:0.000075s ]
INFO: [ app_init ] --END-- [ RunTime:0.001504s ]
INFO: [ app_begin ] --START--
INFO: Run Behavior\ReadHtmlCacheBehavior [ RunTime:0.002164s ]
INFO: [ app_begin ] --END-- [ RunTime:0.002558s ]
INFO: [ view_parse ] --START--
INFO: [ template_filter ] --START--
INFO: Run Behavior\ContentReplaceBehavior [ RunTime:0.000608s ]
INFO: [ template_filter ] --END-- [ RunTime:0.000944s ]
INFO: Run Behavior\ParseTemplateBehavior [ RunTime:0.154685s ]
INFO: [ view_parse ] --END-- [ RunTime:0.155082s ]
INFO: [ view_filter ] --START--
INFO: Run Behavior\WriteHtmlCacheBehavior [ RunTime:0.018365s ]
INFO: [ view_filter ] --END-- [ RunTime:0.018795s ]
INFO: [ app_end ] --START--
INFO: Run Behavior\ShowPageTraceBehavior [ RunTime:0.002955s ]
INFO: [ app_end ] --END-- [ RunTime:0.003313s ]

[ 2015-09-04T09:23:03+08:00 ] 127.0.0.1 /blog/index.php/Home/Register/verifyImg
INFO: [ app_init ] --START--
INFO: Run Behavior\BuildLiteBehavior [ RunTime:0.000043s ]
INFO: [ app_init ] --END-- [ RunTime:0.003086s ]
INFO: [ app_begin ] --START--
INFO: Run Behavior\ReadHtmlCacheBehavior [ RunTime:0.001088s ]
INFO: [ app_begin ] --END-- [ RunTime:0.001263s ]
INFO: [ app_end ] --START--
INFO: Run Behavior\ShowPageTraceBehavior [ RunTime:0.002317s ]
INFO: [ app_end ] --END-- [ RunTime:0.002671s ]

[ 2015-09-04T17:50:30+08:00 ] 127.0.0.1 /blog/index.php/Home/Login/dologin.html
INFO: [ app_init ] --START--
INFO: Run Behavior\BuildLiteBehavior [ RunTime:0.000081s ]
INFO: [ app_init ] --END-- [ RunTime:0.002170s ]
INFO: [ app_begin ] --START--
INFO: Run Behavior\ReadHtmlCacheBehavior [ RunTime:0.015769s ]
INFO: [ app_begin ] --END-- [ RunTime:0.016165s ]
SQL: SELECT * FROM `blog_user` WHERE `email` = 'apeng1@qq.com' LIMIT 1   [ RunTime:0.1548s ]
SQL: SELECT * FROM `blog_user` WHERE `id` = 52 LIMIT 1   [ RunTime:0.0014s ]
SQL: UPDATE `blog_user` SET `experience`='185' WHERE `id` = 52 [ RunTime:0.2260s ]

[ 2015-09-04T17:50:32+08:00 ] 127.0.0.1 /blog/index.php/Home/Index/index.html
INFO: [ app_init ] --START--
INFO: Run Behavior\BuildLiteBehavior [ RunTime:0.000036s ]
INFO: [ app_init ] --END-- [ RunTime:0.000771s ]
INFO: [ app_begin ] --START--
INFO: Run Behavior\ReadHtmlCacheBehavior [ RunTime:0.001342s ]
INFO: [ app_begin ] --END-- [ RunTime:0.001538s ]
SQL: SELECT * FROM `blog_head_img` WHERE `uid` = 52 LIMIT 1   [ RunTime:0.4604s ]
SQL: SELECT * FROM `blog_visitor` WHERE `uid` = 52 GROUP BY visitor ORDER BY addtime desc LIMIT 9   [ RunTime:0.1437s ]
SQL: SELECT * FROM `blog_head_img` WHERE `uid` = 61 LIMIT 1   [ RunTime:0.0012s ]
SQL: SELECT * FROM `blog_user` WHERE `id` = 61 LIMIT 1   [ RunTime:0.0014s ]
SQL: SELECT * FROM `blog_head_img` WHERE `uid` = 53 LIMIT 1   [ RunTime:0.0011s ]
SQL: SELECT * FROM `blog_user` WHERE `id` = 53 LIMIT 1   [ RunTime:0.0015s ]
SQL: SELECT * FROM `blog_user` WHERE `id` = 52 LIMIT 1   [ RunTime:0.0013s ]
SQL: SELECT * FROM `blog_news` ORDER BY addtime desc LIMIT 6   [ RunTime:0.2538s ]
INFO: [ view_parse ] --START--
INFO: [ template_filter ] --START--
INFO: Run Behavior\ContentReplaceBehavior [ RunTime:0.000827s ]
INFO: [ template_filter ] --END-- [ RunTime:0.001142s ]
INFO: Run Behavior\ParseTemplateBehavior [ RunTime:0.638443s ]
INFO: [ view_parse ] --END-- [ RunTime:0.639075s ]
INFO: [ view_filter ] --START--
INFO: Run Behavior\WriteHtmlCacheBehavior [ RunTime:0.114609s ]
INFO: [ view_filter ] --END-- [ RunTime:0.114867s ]
INFO: [ app_end ] --START--
INFO: Run Behavior\ShowPageTraceBehavior [ RunTime:0.152187s ]
INFO: [ app_end ] --END-- [ RunTime:0.152554s ]

[ 2015-09-04T17:50:33+08:00 ] 127.0.0.1 /blog/index.php/Home/Login/dologin.html
INFO: [ app_init ] --START--
INFO: Run Behavior\BuildLiteBehavior [ RunTime:0.000035s ]
INFO: [ app_init ] --END-- [ RunTime:0.000850s ]
INFO: [ app_begin ] --START--
INFO: Run Behavior\ReadHtmlCacheBehavior [ RunTime:0.001496s ]
INFO: [ app_begin ] --END-- [ RunTime:0.001674s ]
SQL: SELECT * FROM `blog_user` WHERE `email` = 'apeng1@qq.com' LIMIT 1   [ RunTime:0.0018s ]
SQL: SELECT * FROM `blog_user` WHERE `id` = 52 LIMIT 1   [ RunTime:0.0013s ]
SQL: UPDATE `blog_user` SET `experience`='190' WHERE `id` = 52 [ RunTime:0.3825s ]

[ 2015-09-04T17:50:33+08:00 ] 127.0.0.1 /blog/index.php/Home/Index/index.html
INFO: [ app_init ] --START--
INFO: Run Behavior\BuildLiteBehavior [ RunTime:0.000035s ]
INFO: [ app_init ] --END-- [ RunTime:0.000769s ]
INFO: [ app_begin ] --START--
INFO: Run Behavior\ReadHtmlCacheBehavior [ RunTime:0.001324s ]
INFO: [ app_begin ] --END-- [ RunTime:0.001494s ]
SQL: SELECT * FROM `blog_head_img` WHERE `uid` = 52 LIMIT 1   [ RunTime:0.0005s ]
SQL: SELECT * FROM `blog_visitor` WHERE `uid` = 52 GROUP BY visitor ORDER BY addtime desc LIMIT 9   [ RunTime:0.0006s ]
SQL: SELECT * FROM `blog_head_img` WHERE `uid` = 61 LIMIT 1   [ RunTime:0.0005s ]
SQL: SELECT * FROM `blog_user` WHERE `id` = 61 LIMIT 1   [ RunTime:0.0007s ]
SQL: SELECT * FROM `blog_head_img` WHERE `uid` = 53 LIMIT 1   [ RunTime:0.0004s ]
SQL: SELECT * FROM `blog_user` WHERE `id` = 53 LIMIT 1   [ RunTime:0.0018s ]
SQL: SELECT * FROM `blog_user` WHERE `id` = 52 LIMIT 1   [ RunTime:0.0007s ]
SQL: SELECT * FROM `blog_news` ORDER BY addtime desc LIMIT 6   [ RunTime:0.0007s ]
INFO: [ view_parse ] --START--
INFO: [ template_filter ] --START--
INFO: Run Behavior\ContentReplaceBehavior [ RunTime:0.000266s ]
INFO: [ template_filter ] --END-- [ RunTime:0.000437s ]
INFO: Run Behavior\ParseTemplateBehavior [ RunTime:0.047262s ]
INFO: [ view_parse ] --END-- [ RunTime:0.047428s ]
INFO: [ view_filter ] --START--
INFO: Run Behavior\WriteHtmlCacheBehavior [ RunTime:0.000991s ]
INFO: [ view_filter ] --END-- [ RunTime:0.001125s ]
INFO: [ app_end ] --START--
INFO: Run Behavior\ShowPageTraceBehavior [ RunTime:0.001257s ]
INFO: [ app_end ] --END-- [ RunTime:0.001401s ]

[ 2015-09-04T17:50:36+08:00 ] 127.0.0.1 /blog/index.php/Home/Mydong/friend.html
INFO: [ app_init ] --START--
INFO: Run Behavior\BuildLiteBehavior [ RunTime:0.000036s ]
INFO: [ app_init ] --END-- [ RunTime:0.000828s ]
INFO: [ app_begin ] --START--
INFO: Run Behavior\ReadHtmlCacheBehavior [ RunTime:0.001289s ]
INFO: [ app_begin ] --END-- [ RunTime:0.001432s ]
NOTIC: [8] Undefined index: uid D:\files\wamp\www\blog\Application\Home\Controller\MydongController.class.php 第 71 行.
SQL: SELECT `fidlist` FROM `blog_friend` WHERE `uid` = 52  [ RunTime:0.3655s ]
SQL: SELECT * FROM `blog_record` WHERE ( uid in (56,53,61,61) ) ORDER BY addtime desc LIMIT 10   [ RunTime:0.1164s ]
SQL: SELECT * FROM `blog_user` WHERE `id` = 61 LIMIT 1   [ RunTime:0.0009s ]
SQL: SELECT * FROM `blog_head_img` WHERE `uid` = 61 LIMIT 1   [ RunTime:0.0005s ]
SQL: SELECT * FROM `blog_user` WHERE `id` = 61 LIMIT 1   [ RunTime:0.0006s ]
SQL: SELECT * FROM `blog_head_img` WHERE `uid` = 61 LIMIT 1   [ RunTime:0.0004s ]
SQL: SELECT * FROM `blog_user` WHERE `id` = 53 LIMIT 1   [ RunTime:0.0005s ]
SQL: SELECT * FROM `blog_head_img` WHERE `uid` = 53 LIMIT 1   [ RunTime:0.0004s ]
SQL: SELECT * FROM `blog_user` WHERE `id` = 53 LIMIT 1   [ RunTime:0.0006s ]
SQL: SELECT * FROM `blog_head_img` WHERE `uid` = 53 LIMIT 1   [ RunTime:0.0004s ]
SQL: SELECT * FROM `blog_user` WHERE `id` = 53 LIMIT 1   [ RunTime:0.0006s ]
SQL: SELECT * FROM `blog_head_img` WHERE `uid` = 53 LIMIT 1   [ RunTime:0.0004s ]
SQL: SELECT * FROM `blog_user` WHERE `id` = 53 LIMIT 1   [ RunTime:0.0006s ]
SQL: SELECT * FROM `blog_head_img` WHERE `uid` = 53 LIMIT 1   [ RunTime:0.0004s ]
SQL: SELECT * FROM `blog_mood` WHERE ( uid in (56,53,61,61) ) ORDER BY addtime desc LIMIT 3   [ RunTime:0.3182s ]
SQL: SELECT * FROM `blog_log_cate` WHERE ( uid in (56,53,61,61) )  [ RunTime:0.0785s ]
NOTIC: [2048] Declaration of Home\Controller\LogController::theme() should be compatible with Think\Controller::theme($theme) D:\files\wamp\www\blog\Application\Home\Controller\LogController.class.php 第 322 行.
SQL: SELECT * FROM `blog_log` WHERE ( cid in (39,42,47,49) ) ORDER BY addtime desc LIMIT 3   [ RunTime:0.0286s ]
INFO: [ view_parse ] --START--
INFO: [ template_filter ] --START--
INFO: Run Behavior\ContentReplaceBehavior [ RunTime:0.000277s ]
INFO: [ template_filter ] --END-- [ RunTime:0.000557s ]
NOTIC: [8] Use of undefined constant title - assumed 'title' D:\files\wamp\www\blog\Application\Runtime\Cache\Home\096c0501a97510b87ff0ba23b4c95a80.php 第 11 行.
NOTIC: [8] Undefined index: review D:\files\wamp\www\blog\Application\Runtime\Cache\Home\096c0501a97510b87ff0ba23b4c95a80.php 第 17 行.
NOTIC: [8] Undefined index: uid D:\files\wamp\www\blog\Application\Runtime\Cache\Home\096c0501a97510b87ff0ba23b4c95a80.php 第 65 行.
NOTIC: [8] Use of undefined constant title - assumed 'title' D:\files\wamp\www\blog\Application\Runtime\Cache\Home\096c0501a97510b87ff0ba23b4c95a80.php 第 11 行.
NOTIC: [8] Undefined index: title D:\files\wamp\www\blog\Application\Runtime\Cache\Home\096c0501a97510b87ff0ba23b4c95a80.php 第 11 行.
NOTIC: [8] Undefined index: review D:\files\wamp\www\blog\Application\Runtime\Cache\Home\096c0501a97510b87ff0ba23b4c95a80.php 第 17 行.
NOTIC: [8] Use of undefined constant title - assumed 'title' D:\files\wamp\www\blog\Application\Runtime\Cache\Home\096c0501a97510b87ff0ba23b4c95a80.php 第 11 行.
NOTIC: [8] Undefined index: review D:\files\wamp\www\blog\Application\Runtime\Cache\Home\096c0501a97510b87ff0ba23b4c95a80.php 第 17 行.
NOTIC: [8] Undefined index: uid D:\files\wamp\www\blog\Application\Runtime\Cache\Home\096c0501a97510b87ff0ba23b4c95a80.php 第 65 行.
NOTIC: [8] Use of undefined constant title - assumed 'title' D:\files\wamp\www\blog\Application\Runtime\Cache\Home\096c0501a97510b87ff0ba23b4c95a80.php 第 11 行.
NOTIC: [8] Undefined index: title D:\files\wamp\www\blog\Application\Runtime\Cache\Home\096c0501a97510b87ff0ba23b4c95a80.php 第 11 行.
NOTIC: [8] Undefined index: review D:\files\wamp\www\blog\Application\Runtime\Cache\Home\096c0501a97510b87ff0ba23b4c95a80.php 第 17 行.
NOTIC: [8] Use of undefined constant title - assumed 'title' D:\files\wamp\www\blog\Application\Runtime\Cache\Home\096c0501a97510b87ff0ba23b4c95a80.php 第 11 行.
NOTIC: [8] Undefined index: title D:\files\wamp\www\blog\Application\Runtime\Cache\Home\096c0501a97510b87ff0ba23b4c95a80.php 第 11 行.
NOTIC: [8] Undefined index: review D:\files\wamp\www\blog\Application\Runtime\Cache\Home\096c0501a97510b87ff0ba23b4c95a80.php 第 17 行.
INFO: Run Behavior\ParseTemplateBehavior [ RunTime:0.087838s ]
INFO: [ view_parse ] --END-- [ RunTime:0.088040s ]
INFO: [ view_filter ] --START--
INFO: Run Behavior\WriteHtmlCacheBehavior [ RunTime:0.000871s ]
INFO: [ view_filter ] --END-- [ RunTime:0.000980s ]
INFO: [ app_end ] --START--
INFO: Run Behavior\ShowPageTraceBehavior [ RunTime:0.001212s ]
INFO: [ app_end ] --END-- [ RunTime:0.001336s ]

[ 2015-09-04T17:53:30+08:00 ] 127.0.0.1 /blog/index.php/Home/Log/index.html
INFO: [ app_init ] --START--
INFO: Run Behavior\BuildLiteBehavior [ RunTime:0.000037s ]
INFO: [ app_init ] --END-- [ RunTime:0.000818s ]
INFO: [ app_begin ] --START--
INFO: Run Behavior\ReadHtmlCacheBehavior [ RunTime:0.001269s ]
INFO: [ app_begin ] --END-- [ RunTime:0.001431s ]
NOTIC: [2048] Declaration of Home\Controller\LogController::theme() should be compatible with Think\Controller::theme($theme) D:\files\wamp\www\blog\Application\Home\Controller\LogController.class.php 第 9 行.
NOTIC: [8] Undefined index: uid D:\files\wamp\www\blog\Application\Home\Controller\LogController.class.php 第 15 行.
SQL: SELECT * FROM `blog_log_cate` WHERE `uid` = 52  [ RunTime:0.0006s ]
SQL: SELECT * FROM `blog_log` WHERE ( cid in (38) and flag=0 )  [ RunTime:0.0007s ]
INFO: [ view_parse ] --START--
INFO: [ template_filter ] --START--
INFO: Run Behavior\ContentReplaceBehavior [ RunTime:0.000306s ]
INFO: [ template_filter ] --END-- [ RunTime:0.000481s ]
NOTIC: [8] Undefined variable: flag D:\files\wamp\www\blog\Application\Runtime\Cache\Home\d7fecc3d2825db60804b3ca6dc36e75a.php 第 139 行.
NOTIC: [8] Undefined variable: flag D:\files\wamp\www\blog\Application\Runtime\Cache\Home\d7fecc3d2825db60804b3ca6dc36e75a.php 第 143 行.
NOTIC: [8] Undefined variable: flag D:\files\wamp\www\blog\Application\Runtime\Cache\Home\d7fecc3d2825db60804b3ca6dc36e75a.php 第 151 行.
NOTIC: [8] Undefined variable: flag D:\files\wamp\www\blog\Application\Runtime\Cache\Home\d7fecc3d2825db60804b3ca6dc36e75a.php 第 156 行.
NOTIC: [8] Undefined variable: flag D:\files\wamp\www\blog\Application\Runtime\Cache\Home\d7fecc3d2825db60804b3ca6dc36e75a.php 第 176 行.
NOTIC: [8] Undefined variable: flag D:\files\wamp\www\blog\Application\Runtime\Cache\Home\d7fecc3d2825db60804b3ca6dc36e75a.php 第 191 行.
NOTIC: [8] Use of undefined constant id - assumed 'id' D:\files\wamp\www\blog\Application\Runtime\Cache\Home\d7fecc3d2825db60804b3ca6dc36e75a.php 第 197 行.
NOTIC: [8] Use of undefined constant addtime - assumed 'addtime' D:\files\wamp\www\blog\Application\Runtime\Cache\Home\d7fecc3d2825db60804b3ca6dc36e75a.php 第 197 行.
NOTIC: [8] Undefined variable: flag D:\files\wamp\www\blog\Application\Runtime\Cache\Home\d7fecc3d2825db60804b3ca6dc36e75a.php 第 197 行.
NOTIC: [8] Use of undefined constant id - assumed 'id' D:\files\wamp\www\blog\Application\Runtime\Cache\Home\d7fecc3d2825db60804b3ca6dc36e75a.php 第 197 行.
NOTIC: [8] Undefined variable: trash D:\files\wamp\www\blog\Application\Runtime\Cache\Home\d7fecc3d2825db60804b3ca6dc36e75a.php 第 201 行.
NOTIC: [8] Use of undefined constant id - assumed 'id' D:\files\wamp\www\blog\Application\Runtime\Cache\Home\d7fecc3d2825db60804b3ca6dc36e75a.php 第 203 行.
NOTIC: [8] Use of undefined constant cid - assumed 'cid' D:\files\wamp\www\blog\Application\Runtime\Cache\Home\d7fecc3d2825db60804b3ca6dc36e75a.php 第 204 行.
NOTIC: [8] Use of undefined constant id - assumed 'id' D:\files\wamp\www\blog\Application\Runtime\Cache\Home\d7fecc3d2825db60804b3ca6dc36e75a.php 第 205 行.
NOTIC: [8] Use of undefined constant id - assumed 'id' D:\files\wamp\www\blog\Application\Runtime\Cache\Home\d7fecc3d2825db60804b3ca6dc36e75a.php 第 206 行.
INFO: Run Behavior\ParseTemplateBehavior [ RunTime:0.051622s ]
INFO: [ view_parse ] --END-- [ RunTime:0.051815s ]
INFO: [ view_filter ] --START--
INFO: Run Behavior\WriteHtmlCacheBehavior [ RunTime:0.001007s ]
INFO: [ view_filter ] --END-- [ RunTime:0.001144s ]
INFO: [ app_end ] --START--
INFO: Run Behavior\ShowPageTraceBehavior [ RunTime:0.001217s ]
INFO: [ app_end ] --END-- [ RunTime:0.001360s ]

