[ 2015-08-11T11:02:27+08:00 ] 192.168.80.199 /blog/index.php/Home
INFO: [ app_init ] --START--
INFO: Run Behavior\BuildLiteBehavior [ RunTime:0.000040s ]
INFO: [ app_init ] --END-- [ RunTime:0.000885s ]
INFO: [ app_begin ] --START--
INFO: Run Behavior\ReadHtmlCacheBehavior [ RunTime:0.001533s ]
INFO: [ app_begin ] --END-- [ RunTime:0.001697s ]

[ 2015-08-11T11:02:27+08:00 ] 192.168.80.199 /blog/index.php/Home/Register/register.html
INFO: [ app_init ] --START--
INFO: Run Behavior\BuildLiteBehavior [ RunTime:0.000044s ]
INFO: [ app_init ] --END-- [ RunTime:0.001038s ]
INFO: [ app_begin ] --START--
INFO: Run Behavior\ReadHtmlCacheBehavior [ RunTime:0.001294s ]
INFO: [ app_begin ] --END-- [ RunTime:0.001456s ]
INFO: [ view_parse ] --START--
INFO: [ template_filter ] --START--
INFO: Run Behavior\ContentReplaceBehavior [ RunTime:0.000262s ]
INFO: [ template_filter ] --END-- [ RunTime:0.000464s ]
INFO: Run Behavior\ParseTemplateBehavior [ RunTime:0.016817s ]
INFO: [ view_parse ] --END-- [ RunTime:0.016991s ]
INFO: [ view_filter ] --START--
INFO: Run Behavior\WriteHtmlCacheBehavior [ RunTime:0.000972s ]
INFO: [ view_filter ] --END-- [ RunTime:0.001117s ]
INFO: [ app_end ] --START--
INFO: Run Behavior\ShowPageTraceBehavior [ RunTime:0.001266s ]
INFO: [ app_end ] --END-- [ RunTime:0.001403s ]

[ 2015-08-11T11:02:27+08:00 ] 192.168.80.199 /blog/index.php/Home/Register/verifyImg
INFO: [ app_init ] --START--
INFO: Run Behavior\BuildLiteBehavior [ RunTime:0.000039s ]
INFO: [ app_init ] --END-- [ RunTime:0.000837s ]
INFO: [ app_begin ] --START--
INFO: Run Behavior\ReadHtmlCacheBehavior [ RunTime:0.001269s ]
INFO: [ app_begin ] --END-- [ RunTime:0.001427s ]
INFO: [ app_end ] --START--
INFO: Run Behavior\ShowPageTraceBehavior [ RunTime:0.001679s ]
INFO: [ app_end ] --END-- [ RunTime:0.001889s ]

[ 2015-08-11T11:02:43+08:00 ] 192.168.80.199 /blog/index.php/Home/Login/dologin.html
INFO: [ app_init ] --START--
INFO: Run Behavior\BuildLiteBehavior [ RunTime:0.000044s ]
INFO: [ app_init ] --END-- [ RunTime:0.000986s ]
INFO: [ app_begin ] --START--
INFO: Run Behavior\ReadHtmlCacheBehavior [ RunTime:0.001661s ]
INFO: [ app_begin ] --END-- [ RunTime:0.001870s ]
SQL: SELECT * FROM `blog_user` WHERE `email` = 'apeng1@qq.com' LIMIT 1   [ RunTime:0.0008s ]
SQL: SELECT * FROM `blog_user` WHERE `id` = 31 LIMIT 1   [ RunTime:0.0012s ]
SQL: UPDATE `blog_user` SET `experience`='170' WHERE `id` = 31 [ RunTime:0.0827s ]

[ 2015-08-11T11:02:43+08:00 ] 192.168.80.199 /blog/index.php/Home/Index/index.html
INFO: [ app_init ] --START--
INFO: Run Behavior\BuildLiteBehavior [ RunTime:0.000037s ]
INFO: [ app_init ] --END-- [ RunTime:0.000916s ]
INFO: [ app_begin ] --START--
INFO: Run Behavior\ReadHtmlCacheBehavior [ RunTime:0.001275s ]
INFO: [ app_begin ] --END-- [ RunTime:0.001442s ]
SQL: SELECT * FROM `blog_head_img` WHERE `uid` = 31 LIMIT 1   [ RunTime:0.0005s ]
SQL: SELECT * FROM `blog_visitor` WHERE `uid` = 31 GROUP BY visitor ORDER BY addtime desc LIMIT 9   [ RunTime:0.0009s ]
SQL: SELECT * FROM `blog_user` WHERE `id` = 31 LIMIT 1   [ RunTime:0.0007s ]
SQL: SELECT * FROM `blog_news` ORDER BY addtime desc LIMIT 6   [ RunTime:0.0006s ]
INFO: [ view_parse ] --START--
INFO: [ template_filter ] --START--
INFO: Run Behavior\ContentReplaceBehavior [ RunTime:0.000273s ]
INFO: [ template_filter ] --END-- [ RunTime:0.000452s ]
INFO: Run Behavior\ParseTemplateBehavior [ RunTime:0.047815s ]
INFO: [ view_parse ] --END-- [ RunTime:0.047991s ]
INFO: [ view_filter ] --START--
INFO: Run Behavior\WriteHtmlCacheBehavior [ RunTime:0.000962s ]
INFO: [ view_filter ] --END-- [ RunTime:0.001107s ]
INFO: [ app_end ] --START--
INFO: Run Behavior\ShowPageTraceBehavior [ RunTime:0.001237s ]
INFO: [ app_end ] --END-- [ RunTime:0.001387s ]

[ 2015-08-11T11:02:43+08:00 ] 192.168.80.199 /blog/index.php/Home/Mydong/friend.html
INFO: [ app_init ] --START--
INFO: Run Behavior\BuildLiteBehavior [ RunTime:0.000036s ]
INFO: [ app_init ] --END-- [ RunTime:0.000796s ]
INFO: [ app_begin ] --START--
INFO: Run Behavior\ReadHtmlCacheBehavior [ RunTime:0.001263s ]
INFO: [ app_begin ] --END-- [ RunTime:0.001398s ]
SQL: SELECT `fidlist` FROM `blog_friend` WHERE `uid` = 31  [ RunTime:0.0004s ]
SQL: SELECT * FROM `blog_record` WHERE ( uid in (33,35,36,32) ) ORDER BY addtime desc LIMIT 10   [ RunTime:0.0010s ]
SQL: SELECT * FROM `blog_user` WHERE `id` = 35 LIMIT 1   [ RunTime:0.0008s ]
SQL: SELECT * FROM `blog_head_img` WHERE `uid` = 35 LIMIT 1   [ RunTime:0.0007s ]
SQL: SELECT * FROM `blog_user` WHERE `id` = 35 LIMIT 1   [ RunTime:0.0006s ]
SQL: SELECT * FROM `blog_head_img` WHERE `uid` = 35 LIMIT 1   [ RunTime:0.0005s ]
SQL: SELECT * FROM `blog_user` WHERE `id` = 33 LIMIT 1   [ RunTime:0.0005s ]
SQL: SELECT * FROM `blog_head_img` WHERE `uid` = 33 LIMIT 1   [ RunTime:0.0005s ]
SQL: SELECT * FROM `blog_user` WHERE `id` = 33 LIMIT 1   [ RunTime:0.0005s ]
SQL: SELECT * FROM `blog_head_img` WHERE `uid` = 33 LIMIT 1   [ RunTime:0.0004s ]
SQL: SELECT * FROM `blog_user` WHERE `id` = 35 LIMIT 1   [ RunTime:0.0005s ]
SQL: SELECT * FROM `blog_head_img` WHERE `uid` = 35 LIMIT 1   [ RunTime:0.0004s ]
SQL: SELECT * FROM `blog_user` WHERE `id` = 32 LIMIT 1   [ RunTime:0.0005s ]
SQL: SELECT * FROM `blog_head_img` WHERE `uid` = 32 LIMIT 1   [ RunTime:0.0004s ]
SQL: SELECT * FROM `blog_user` WHERE `id` = 35 LIMIT 1   [ RunTime:0.0005s ]
SQL: SELECT * FROM `blog_head_img` WHERE `uid` = 35 LIMIT 1   [ RunTime:0.0004s ]
SQL: SELECT * FROM `blog_user` WHERE `id` = 36 LIMIT 1   [ RunTime:0.0006s ]
SQL: SELECT * FROM `blog_head_img` WHERE `uid` = 36 LIMIT 1   [ RunTime:0.0005s ]
SQL: SELECT * FROM `blog_user` WHERE `id` = 36 LIMIT 1   [ RunTime:0.0011s ]
SQL: SELECT * FROM `blog_head_img` WHERE `uid` = 36 LIMIT 1   [ RunTime:0.0007s ]
SQL: SELECT * FROM `blog_mood` WHERE ( uid in (33,35,36,32) ) ORDER BY addtime desc LIMIT 8   [ RunTime:0.0006s ]
SQL: SELECT * FROM `blog_log_cate` WHERE ( uid in (33,35,36,32) )  [ RunTime:0.0007s ]
NOTIC: [2048] Declaration of Home\Controller\LogController::theme() should be compatible with Think\Controller::theme($theme) D:\files\wamp\www\blog\Application\Home\Controller\LogController.class.php 第 315 行.
SQL: SELECT * FROM `blog_log` WHERE ( cid in (14,15,16,19,20) ) ORDER BY addtime desc LIMIT 1   [ RunTime:0.0006s ]
INFO: [ view_parse ] --START--
INFO: [ template_filter ] --START--
INFO: Run Behavior\ContentReplaceBehavior [ RunTime:0.000122s ]
INFO: [ template_filter ] --END-- [ RunTime:0.000254s ]
NOTIC: [8] Undefined index: review D:\files\wamp\www\blog\Application\Runtime\Cache\Home\096c0501a97510b87ff0ba23b4c95a80.php 第 17 行.
NOTIC: [8] Undefined index: review D:\files\wamp\www\blog\Application\Runtime\Cache\Home\096c0501a97510b87ff0ba23b4c95a80.php 第 17 行.
NOTIC: [8] Undefined index: review D:\files\wamp\www\blog\Application\Runtime\Cache\Home\096c0501a97510b87ff0ba23b4c95a80.php 第 17 行.
NOTIC: [8] Undefined index: review D:\files\wamp\www\blog\Application\Runtime\Cache\Home\096c0501a97510b87ff0ba23b4c95a80.php 第 17 行.
NOTIC: [8] Undefined index: uid D:\files\wamp\www\blog\Application\Runtime\Cache\Home\096c0501a97510b87ff0ba23b4c95a80.php 第 65 行.
NOTIC: [8] Undefined index: review D:\files\wamp\www\blog\Application\Runtime\Cache\Home\096c0501a97510b87ff0ba23b4c95a80.php 第 17 行.
NOTIC: [8] Undefined index: review D:\files\wamp\www\blog\Application\Runtime\Cache\Home\096c0501a97510b87ff0ba23b4c95a80.php 第 17 行.
NOTIC: [8] Undefined index: review D:\files\wamp\www\blog\Application\Runtime\Cache\Home\096c0501a97510b87ff0ba23b4c95a80.php 第 17 行.
NOTIC: [8] Undefined index: review D:\files\wamp\www\blog\Application\Runtime\Cache\Home\096c0501a97510b87ff0ba23b4c95a80.php 第 17 行.
NOTIC: [8] Undefined index: review D:\files\wamp\www\blog\Application\Runtime\Cache\Home\096c0501a97510b87ff0ba23b4c95a80.php 第 17 行.
INFO: Run Behavior\ParseTemplateBehavior [ RunTime:0.076210s ]
INFO: [ view_parse ] --END-- [ RunTime:0.076339s ]
INFO: [ view_filter ] --START--
INFO: Run Behavior\WriteHtmlCacheBehavior [ RunTime:0.001018s ]
INFO: [ view_filter ] --END-- [ RunTime:0.001138s ]
INFO: [ app_end ] --START--
INFO: Run Behavior\ShowPageTraceBehavior [ RunTime:0.001345s ]
INFO: [ app_end ] --END-- [ RunTime:0.001468s ]

[ 2015-08-11T11:02:47+08:00 ] 192.168.80.199 /blog/index.php/Home/Log/index.html
INFO: [ app_init ] --START--
INFO: Run Behavior\BuildLiteBehavior [ RunTime:0.000047s ]
INFO: [ app_init ] --END-- [ RunTime:0.000906s ]
INFO: [ app_begin ] --START--
INFO: Run Behavior\ReadHtmlCacheBehavior [ RunTime:0.001342s ]
INFO: [ app_begin ] --END-- [ RunTime:0.001557s ]
NOTIC: [2048] Declaration of Home\Controller\LogController::theme() should be compatible with Think\Controller::theme($theme) D:\files\wamp\www\blog\Application\Home\Controller\LogController.class.php 第 9 行.
NOTIC: [8] Undefined index: uid D:\files\wamp\www\blog\Application\Home\Controller\LogController.class.php 第 15 行.
SQL: SELECT * FROM `blog_log_cate` WHERE `uid` = 31  [ RunTime:0.0008s ]
SQL: SELECT * FROM `blog_log` WHERE ( cid in (13,18,36) and flag=0 )  [ RunTime:0.0012s ]
INFO: [ view_parse ] --START--
INFO: [ template_filter ] --START--
INFO: Run Behavior\ContentReplaceBehavior [ RunTime:0.000271s ]
INFO: [ template_filter ] --END-- [ RunTime:0.000444s ]
NOTIC: [8] Undefined variable: flag D:\files\wamp\www\blog\Application\Runtime\Cache\Home\d7fecc3d2825db60804b3ca6dc36e75a.php 第 137 行.
NOTIC: [8] Undefined variable: flag D:\files\wamp\www\blog\Application\Runtime\Cache\Home\d7fecc3d2825db60804b3ca6dc36e75a.php 第 142 行.
NOTIC: [8] Undefined variable: flag D:\files\wamp\www\blog\Application\Runtime\Cache\Home\d7fecc3d2825db60804b3ca6dc36e75a.php 第 149 行.
NOTIC: [8] Undefined variable: flag D:\files\wamp\www\blog\Application\Runtime\Cache\Home\d7fecc3d2825db60804b3ca6dc36e75a.php 第 155 行.
NOTIC: [8] Undefined variable: flag D:\files\wamp\www\blog\Application\Runtime\Cache\Home\d7fecc3d2825db60804b3ca6dc36e75a.php 第 173 行.
NOTIC: [8] Undefined variable: flag D:\files\wamp\www\blog\Application\Runtime\Cache\Home\d7fecc3d2825db60804b3ca6dc36e75a.php 第 188 行.
NOTIC: [8] Use of undefined constant id - assumed 'id' D:\files\wamp\www\blog\Application\Runtime\Cache\Home\d7fecc3d2825db60804b3ca6dc36e75a.php 第 194 行.
NOTIC: [8] Use of undefined constant addtime - assumed 'addtime' D:\files\wamp\www\blog\Application\Runtime\Cache\Home\d7fecc3d2825db60804b3ca6dc36e75a.php 第 194 行.
NOTIC: [8] Undefined variable: flag D:\files\wamp\www\blog\Application\Runtime\Cache\Home\d7fecc3d2825db60804b3ca6dc36e75a.php 第 194 行.
NOTIC: [8] Use of undefined constant id - assumed 'id' D:\files\wamp\www\blog\Application\Runtime\Cache\Home\d7fecc3d2825db60804b3ca6dc36e75a.php 第 194 行.
NOTIC: [8] Use of undefined constant id - assumed 'id' D:\files\wamp\www\blog\Application\Runtime\Cache\Home\d7fecc3d2825db60804b3ca6dc36e75a.php 第 198 行.
NOTIC: [8] Use of undefined constant cid - assumed 'cid' D:\files\wamp\www\blog\Application\Runtime\Cache\Home\d7fecc3d2825db60804b3ca6dc36e75a.php 第 199 行.
NOTIC: [8] Use of undefined constant id - assumed 'id' D:\files\wamp\www\blog\Application\Runtime\Cache\Home\d7fecc3d2825db60804b3ca6dc36e75a.php 第 200 行.
NOTIC: [8] Use of undefined constant id - assumed 'id' D:\files\wamp\www\blog\Application\Runtime\Cache\Home\d7fecc3d2825db60804b3ca6dc36e75a.php 第 201 行.
NOTIC: [8] Use of undefined constant id - assumed 'id' D:\files\wamp\www\blog\Application\Runtime\Cache\Home\d7fecc3d2825db60804b3ca6dc36e75a.php 第 194 行.
NOTIC: [8] Use of undefined constant addtime - assumed 'addtime' D:\files\wamp\www\blog\Application\Runtime\Cache\Home\d7fecc3d2825db60804b3ca6dc36e75a.php 第 194 行.
NOTIC: [8] Undefined variable: flag D:\files\wamp\www\blog\Application\Runtime\Cache\Home\d7fecc3d2825db60804b3ca6dc36e75a.php 第 194 行.
NOTIC: [8] Use of undefined constant id - assumed 'id' D:\files\wamp\www\blog\Application\Runtime\Cache\Home\d7fecc3d2825db60804b3ca6dc36e75a.php 第 194 行.
NOTIC: [8] Use of undefined constant id - assumed 'id' D:\files\wamp\www\blog\Application\Runtime\Cache\Home\d7fecc3d2825db60804b3ca6dc36e75a.php 第 198 行.
NOTIC: [8] Use of undefined constant cid - assumed 'cid' D:\files\wamp\www\blog\Application\Runtime\Cache\Home\d7fecc3d2825db60804b3ca6dc36e75a.php 第 199 行.
NOTIC: [8] Use of undefined constant id - assumed 'id' D:\files\wamp\www\blog\Application\Runtime\Cache\Home\d7fecc3d2825db60804b3ca6dc36e75a.php 第 200 行.
NOTIC: [8] Use of undefined constant id - assumed 'id' D:\files\wamp\www\blog\Application\Runtime\Cache\Home\d7fecc3d2825db60804b3ca6dc36e75a.php 第 201 行.
NOTIC: [8] Use of undefined constant id - assumed 'id' D:\files\wamp\www\blog\Application\Runtime\Cache\Home\d7fecc3d2825db60804b3ca6dc36e75a.php 第 194 行.
NOTIC: [8] Use of undefined constant addtime - assumed 'addtime' D:\files\wamp\www\blog\Application\Runtime\Cache\Home\d7fecc3d2825db60804b3ca6dc36e75a.php 第 194 行.
NOTIC: [8] Undefined variable: flag D:\files\wamp\www\blog\Application\Runtime\Cache\Home\d7fecc3d2825db60804b3ca6dc36e75a.php 第 194 行.
NOTIC: [8] Use of undefined constant id - assumed 'id' D:\files\wamp\www\blog\Application\Runtime\Cache\Home\d7fecc3d2825db60804b3ca6dc36e75a.php 第 194 行.
NOTIC: [8] Use of undefined constant id - assumed 'id' D:\files\wamp\www\blog\Application\Runtime\Cache\Home\d7fecc3d2825db60804b3ca6dc36e75a.php 第 198 行.
NOTIC: [8] Use of undefined constant cid - assumed 'cid' D:\files\wamp\www\blog\Application\Runtime\Cache\Home\d7fecc3d2825db60804b3ca6dc36e75a.php 第 199 行.
NOTIC: [8] Use of undefined constant id - assumed 'id' D:\files\wamp\www\blog\Application\Runtime\Cache\Home\d7fecc3d2825db60804b3ca6dc36e75a.php 第 200 行.
NOTIC: [8] Use of undefined constant id - assumed 'id' D:\files\wamp\www\blog\Application\Runtime\Cache\Home\d7fecc3d2825db60804b3ca6dc36e75a.php 第 201 行.
NOTIC: [8] Use of undefined constant id - assumed 'id' D:\files\wamp\www\blog\Application\Runtime\Cache\Home\d7fecc3d2825db60804b3ca6dc36e75a.php 第 194 行.
NOTIC: [8] Use of undefined constant addtime - assumed 'addtime' D:\files\wamp\www\blog\Application\Runtime\Cache\Home\d7fecc3d2825db60804b3ca6dc36e75a.php 第 194 行.
NOTIC: [8] Undefined variable: flag D:\files\wamp\www\blog\Application\Runtime\Cache\Home\d7fecc3d2825db60804b3ca6dc36e75a.php 第 194 行.
NOTIC: [8] Use of undefined constant id - assumed 'id' D:\files\wamp\www\blog\Application\Runtime\Cache\Home\d7fecc3d2825db60804b3ca6dc36e75a.php 第 194 行.
NOTIC: [8] Use of undefined constant id - assumed 'id' D:\files\wamp\www\blog\Application\Runtime\Cache\Home\d7fecc3d2825db60804b3ca6dc36e75a.php 第 198 行.
NOTIC: [8] Use of undefined constant cid - assumed 'cid' D:\files\wamp\www\blog\Application\Runtime\Cache\Home\d7fecc3d2825db60804b3ca6dc36e75a.php 第 199 行.
NOTIC: [8] Use of undefined constant id - assumed 'id' D:\files\wamp\www\blog\Application\Runtime\Cache\Home\d7fecc3d2825db60804b3ca6dc36e75a.php 第 200 行.
NOTIC: [8] Use of undefined constant id - assumed 'id' D:\files\wamp\www\blog\Application\Runtime\Cache\Home\d7fecc3d2825db60804b3ca6dc36e75a.php 第 201 行.
NOTIC: [8] Use of undefined constant id - assumed 'id' D:\files\wamp\www\blog\Application\Runtime\Cache\Home\d7fecc3d2825db60804b3ca6dc36e75a.php 第 194 行.
NOTIC: [8] Use of undefined constant addtime - assumed 'addtime' D:\files\wamp\www\blog\Application\Runtime\Cache\Home\d7fecc3d2825db60804b3ca6dc36e75a.php 第 194 行.
NOTIC: [8] Undefined variable: flag D:\files\wamp\www\blog\Application\Runtime\Cache\Home\d7fecc3d2825db60804b3ca6dc36e75a.php 第 194 行.
NOTIC: [8] Use of undefined constant id - assumed 'id' D:\files\wamp\www\blog\Application\Runtime\Cache\Home\d7fecc3d2825db60804b3ca6dc36e75a.php 第 194 行.
NOTIC: [8] Use of undefined constant id - assumed 'id' D:\files\wamp\www\blog\Application\Runtime\Cache\Home\d7fecc3d2825db60804b3ca6dc36e75a.php 第 198 行.
NOTIC: [8] Use of undefined constant cid - assumed 'cid' D:\files\wamp\www\blog\Application\Runtime\Cache\Home\d7fecc3d2825db60804b3ca6dc36e75a.php 第 199 行.
NOTIC: [8] Use of undefined constant id - assumed 'id' D:\files\wamp\www\blog\Application\Runtime\Cache\Home\d7fecc3d2825db60804b3ca6dc36e75a.php 第 200 行.
NOTIC: [8] Use of undefined constant id - assumed 'id' D:\files\wamp\www\blog\Application\Runtime\Cache\Home\d7fecc3d2825db60804b3ca6dc36e75a.php 第 201 行.
NOTIC: [8] Use of undefined constant id - assumed 'id' D:\files\wamp\www\blog\Application\Runtime\Cache\Home\d7fecc3d2825db60804b3ca6dc36e75a.php 第 194 行.
NOTIC: [8] Use of undefined constant addtime - assumed 'addtime' D:\files\wamp\www\blog\Application\Runtime\Cache\Home\d7fecc3d2825db60804b3ca6dc36e75a.php 第 194 行.
NOTIC: [8] Undefined variable: flag D:\files\wamp\www\blog\Application\Runtime\Cache\Home\d7fecc3d2825db60804b3ca6dc36e75a.php 第 194 行.
NOTIC: [8] Use of undefined constant id - assumed 'id' D:\files\wamp\www\blog\Application\Runtime\Cache\Home\d7fecc3d2825db60804b3ca6dc36e75a.php 第 194 行.
NOTIC: [8] Use of undefined constant id - assumed 'id' D:\files\wamp\www\blog\Application\Runtime\Cache\Home\d7fecc3d2825db60804b3ca6dc36e75a.php 第 198 行.
NOTIC: [8] Use of undefined constant cid - assumed 'cid' D:\files\wamp\www\blog\Application\Runtime\Cache\Home\d7fecc3d2825db60804b3ca6dc36e75a.php 第 199 行.
NOTIC: [8] Use of undefined constant id - assumed 'id' D:\files\wamp\www\blog\Application\Runtime\Cache\Home\d7fecc3d2825db60804b3ca6dc36e75a.php 第 200 行.
NOTIC: [8] Use of undefined constant id - assumed 'id' D:\files\wamp\www\blog\Application\Runtime\Cache\Home\d7fecc3d2825db60804b3ca6dc36e75a.php 第 201 行.
NOTIC: [8] Use of undefined constant id - assumed 'id' D:\files\wamp\www\blog\Application\Runtime\Cache\Home\d7fecc3d2825db60804b3ca6dc36e75a.php 第 194 行.
NOTIC: [8] Use of undefined constant addtime - assumed 'addtime' D:\files\wamp\www\blog\Application\Runtime\Cache\Home\d7fecc3d2825db60804b3ca6dc36e75a.php 第 194 行.
NOTIC: [8] Undefined variable: flag D:\files\wamp\www\blog\Application\Runtime\Cache\Home\d7fecc3d2825db60804b3ca6dc36e75a.php 第 194 行.
NOTIC: [8] Use of undefined constant id - assumed 'id' D:\files\wamp\www\blog\Application\Runtime\Cache\Home\d7fecc3d2825db60804b3ca6dc36e75a.php 第 194 行.
NOTIC: [8] Use of undefined constant id - assumed 'id' D:\files\wamp\www\blog\Application\Runtime\Cache\Home\d7fecc3d2825db60804b3ca6dc36e75a.php 第 198 行.
NOTIC: [8] Use of undefined constant cid - assumed 'cid' D:\files\wamp\www\blog\Application\Runtime\Cache\Home\d7fecc3d2825db60804b3ca6dc36e75a.php 第 199 行.
NOTIC: [8] Use of undefined constant id - assumed 'id' D:\files\wamp\www\blog\Application\Runtime\Cache\Home\d7fecc3d2825db60804b3ca6dc36e75a.php 第 200 行.
NOTIC: [8] Use of undefined constant id - assumed 'id' D:\files\wamp\www\blog\Application\Runtime\Cache\Home\d7fecc3d2825db60804b3ca6dc36e75a.php 第 201 行.
NOTIC: [8] Use of undefined constant id - assumed 'id' D:\files\wamp\www\blog\Application\Runtime\Cache\Home\d7fecc3d2825db60804b3ca6dc36e75a.php 第 194 行.
NOTIC: [8] Use of undefined constant addtime - assumed 'addtime' D:\files\wamp\www\blog\Application\Runtime\Cache\Home\d7fecc3d2825db60804b3ca6dc36e75a.php 第 194 行.
NOTIC: [8] Undefined variable: flag D:\files\wamp\www\blog\Application\Runtime\Cache\Home\d7fecc3d2825db60804b3ca6dc36e75a.php 第 194 行.
NOTIC: [8] Use of undefined constant id - assumed 'id' D:\files\wamp\www\blog\Application\Runtime\Cache\Home\d7fecc3d2825db60804b3ca6dc36e75a.php 第 194 行.
NOTIC: [8] Use of undefined constant id - assumed 'id' D:\files\wamp\www\blog\Application\Runtime\Cache\Home\d7fecc3d2825db60804b3ca6dc36e75a.php 第 198 行.
NOTIC: [8] Use of undefined constant cid - assumed 'cid' D:\files\wamp\www\blog\Application\Runtime\Cache\Home\d7fecc3d2825db60804b3ca6dc36e75a.php 第 199 行.
NOTIC: [8] Use of undefined constant id - assumed 'id' D:\files\wamp\www\blog\Application\Runtime\Cache\Home\d7fecc3d2825db60804b3ca6dc36e75a.php 第 200 行.
NOTIC: [8] Use of undefined constant id - assumed 'id' D:\files\wamp\www\blog\Application\Runtime\Cache\Home\d7fecc3d2825db60804b3ca6dc36e75a.php 第 201 行.
NOTIC: [8] Use of undefined constant id - assumed 'id' D:\files\wamp\www\blog\Application\Runtime\Cache\Home\d7fecc3d2825db60804b3ca6dc36e75a.php 第 194 行.
NOTIC: [8] Use of undefined constant addtime - assumed 'addtime' D:\files\wamp\www\blog\Application\Runtime\Cache\Home\d7fecc3d2825db60804b3ca6dc36e75a.php 第 194 行.
NOTIC: [8] Undefined variable: flag D:\files\wamp\www\blog\Application\Runtime\Cache\Home\d7fecc3d2825db60804b3ca6dc36e75a.php 第 194 行.
NOTIC: [8] Use of undefined constant id - assumed 'id' D:\files\wamp\www\blog\Application\Runtime\Cache\Home\d7fecc3d2825db60804b3ca6dc36e75a.php 第 194 行.
NOTIC: [8] Use of undefined constant id - assumed 'id' D:\files\wamp\www\blog\Application\Runtime\Cache\Home\d7fecc3d2825db60804b3ca6dc36e75a.php 第 198 行.
NOTIC: [8] Use of undefined constant cid - assumed 'cid' D:\files\wamp\www\blog\Application\Runtime\Cache\Home\d7fecc3d2825db60804b3ca6dc36e75a.php 第 199 行.
NOTIC: [8] Use of undefined constant id - assumed 'id' D:\files\wamp\www\blog\Application\Runtime\Cache\Home\d7fecc3d2825db60804b3ca6dc36e75a.php 第 200 行.
NOTIC: [8] Use of undefined constant id - assumed 'id' D:\files\wamp\www\blog\Application\Runtime\Cache\Home\d7fecc3d2825db60804b3ca6dc36e75a.php 第 201 行.
NOTIC: [8] Use of undefined constant id - assumed 'id' D:\files\wamp\www\blog\Application\Runtime\Cache\Home\d7fecc3d2825db60804b3ca6dc36e75a.php 第 194 行.
NOTIC: [8] Use of undefined constant addtime - assumed 'addtime' D:\files\wamp\www\blog\Application\Runtime\Cache\Home\d7fecc3d2825db60804b3ca6dc36e75a.php 第 194 行.
NOTIC: [8] Undefined variable: flag D:\files\wamp\www\blog\Application\Runtime\Cache\Home\d7fecc3d2825db60804b3ca6dc36e75a.php 第 194 行.
NOTIC: [8] Use of undefined constant id - assumed 'id' D:\files\wamp\www\blog\Application\Runtime\Cache\Home\d7fecc3d2825db60804b3ca6dc36e75a.php 第 194 行.
NOTIC: [8] Use of undefined constant id - assumed 'id' D:\files\wamp\www\blog\Application\Runtime\Cache\Home\d7fecc3d2825db60804b3ca6dc36e75a.php 第 198 行.
NOTIC: [8] Use of undefined constant cid - assumed 'cid' D:\files\wamp\www\blog\Application\Runtime\Cache\Home\d7fecc3d2825db60804b3ca6dc36e75a.php 第 199 行.
NOTIC: [8] Use of undefined constant id - assumed 'id' D:\files\wamp\www\blog\Application\Runtime\Cache\Home\d7fecc3d2825db60804b3ca6dc36e75a.php 第 200 行.
NOTIC: [8] Use of undefined constant id - assumed 'id' D:\files\wamp\www\blog\Application\Runtime\Cache\Home\d7fecc3d2825db60804b3ca6dc36e75a.php 第 201 行.
NOTIC: [8] Use of undefined constant id - assumed 'id' D:\files\wamp\www\blog\Application\Runtime\Cache\Home\d7fecc3d2825db60804b3ca6dc36e75a.php 第 194 行.
NOTIC: [8] Use of undefined constant addtime - assumed 'addtime' D:\files\wamp\www\blog\Application\Runtime\Cache\Home\d7fecc3d2825db60804b3ca6dc36e75a.php 第 194 行.
NOTIC: [8] Undefined variable: flag D:\files\wamp\www\blog\Application\Runtime\Cache\Home\d7fecc3d2825db60804b3ca6dc36e75a.php 第 194 行.
NOTIC: [8] Use of undefined constant id - assumed 'id' D:\files\wamp\www\blog\Application\Runtime\Cache\Home\d7fecc3d2825db60804b3ca6dc36e75a.php 第 194 行.
NOTIC: [8] Use of undefined constant id - assumed 'id' D:\files\wamp\www\blog\Application\Runtime\Cache\Home\d7fecc3d2825db60804b3ca6dc36e75a.php 第 198 行.
NOTIC: [8] Use of undefined constant cid - assumed 'cid' D:\files\wamp\www\blog\Application\Runtime\Cache\Home\d7fecc3d2825db60804b3ca6dc36e75a.php 第 199 行.
NOTIC: [8] Use of undefined constant id - assumed 'id' D:\files\wamp\www\blog\Application\Runtime\Cache\Home\d7fecc3d2825db60804b3ca6dc36e75a.php 第 200 行.
NOTIC: [8] Use of undefined constant id - assumed 'id' D:\files\wamp\www\blog\Application\Runtime\Cache\Home\d7fecc3d2825db60804b3ca6dc36e75a.php 第 201 行.
NOTIC: [8] Use of undefined constant id - assumed 'id' D:\files\wamp\www\blog\Application\Runtime\Cache\Home\d7fecc3d2825db60804b3ca6dc36e75a.php 第 194 行.
NOTIC: [8] Use of undefined constant addtime - assumed 'addtime' D:\files\wamp\www\blog\Application\Runtime\Cache\Home\d7fecc3d2825db60804b3ca6dc36e75a.php 第 194 行.
NOTIC: [8] Undefined variable: flag D:\files\wamp\www\blog\Application\Runtime\Cache\Home\d7fecc3d2825db60804b3ca6dc36e75a.php 第 194 行.
NOTIC: [8] Use of undefined constant id - assumed 'id' D:\files\wamp\www\blog\Application\Runtime\Cache\Home\d7fecc3d2825db60804b3ca6dc36e75a.php 第 194 行.
NOTIC: [8] Use of undefined constant id - assumed 'id' D:\files\wamp\www\blog\Application\Runtime\Cache\Home\d7fecc3d2825db60804b3ca6dc36e75a.php 第 198 行.
NOTIC: [8] Use of undefined constant cid - assumed 'cid' D:\files\wamp\www\blog\Application\Runtime\Cache\Home\d7fecc3d2825db60804b3ca6dc36e75a.php 第 199 行.
NOTIC: [8] Use of undefined constant id - assumed 'id' D:\files\wamp\www\blog\Application\Runtime\Cache\Home\d7fecc3d2825db60804b3ca6dc36e75a.php 第 200 行.
NOTIC: [8] Use of undefined constant id - assumed 'id' D:\files\wamp\www\blog\Application\Runtime\Cache\Home\d7fecc3d2825db60804b3ca6dc36e75a.php 第 201 行.
NOTIC: [8] Use of undefined constant id - assumed 'id' D:\files\wamp\www\blog\Application\Runtime\Cache\Home\d7fecc3d2825db60804b3ca6dc36e75a.php 第 194 行.
NOTIC: [8] Use of undefined constant addtime - assumed 'addtime' D:\files\wamp\www\blog\Application\Runtime\Cache\Home\d7fecc3d2825db60804b3ca6dc36e75a.php 第 194 行.
NOTIC: [8] Undefined variable: flag D:\files\wamp\www\blog\Application\Runtime\Cache\Home\d7fecc3d2825db60804b3ca6dc36e75a.php 第 194 行.
NOTIC: [8] Use of undefined constant id - assumed 'id' D:\files\wamp\www\blog\Application\Runtime\Cache\Home\d7fecc3d2825db60804b3ca6dc36e75a.php 第 194 行.
NOTIC: [8] Use of undefined constant id - assumed 'id' D:\files\wamp\www\blog\Application\Runtime\Cache\Home\d7fecc3d2825db60804b3ca6dc36e75a.php 第 198 行.
NOTIC: [8] Use of undefined constant cid - assumed 'cid' D:\files\wamp\www\blog\Application\Runtime\Cache\Home\d7fecc3d2825db60804b3ca6dc36e75a.php 第 199 行.
NOTIC: [8] Use of undefined constant id - assumed 'id' D:\files\wamp\www\blog\Application\Runtime\Cache\Home\d7fecc3d2825db60804b3ca6dc36e75a.php 第 200 行.
NOTIC: [8] Use of undefined constant id - assumed 'id' D:\files\wamp\www\blog\Application\Runtime\Cache\Home\d7fecc3d2825db60804b3ca6dc36e75a.php 第 201 行.
INFO: Run Behavior\ParseTemplateBehavior [ RunTime:0.112420s ]
INFO: [ view_parse ] --END-- [ RunTime:0.112641s ]
INFO: [ view_filter ] --START--
INFO: Run Behavior\WriteHtmlCacheBehavior [ RunTime:0.000823s ]
INFO: [ view_filter ] --END-- [ RunTime:0.000962s ]
INFO: [ app_end ] --START--
INFO: Run Behavior\ShowPageTraceBehavior [ RunTime:0.001050s ]
INFO: [ app_end ] --END-- [ RunTime:0.001194s ]

[ 2015-08-11T11:02:51+08:00 ] 192.168.80.199 /blog/index.php/Home/Album/index.html
INFO: [ app_init ] --START--
INFO: Run Behavior\BuildLiteBehavior [ RunTime:0.000041s ]
INFO: [ app_init ] --END-- [ RunTime:0.000792s ]
INFO: [ app_begin ] --START--
INFO: Run Behavior\ReadHtmlCacheBehavior [ RunTime:0.000894s ]
INFO: [ app_begin ] --END-- [ RunTime:0.001068s ]
NOTIC: [8] Undefined index: uid D:\files\wamp\www\blog\Application\Home\Controller\AlbumController.class.php 第 13 行.
SQL: SELECT * FROM `blog_album` WHERE `uid` = 31  [ RunTime:0.0006s ]
INFO: [ view_parse ] --START--
INFO: [ template_filter ] --START--
INFO: Run Behavior\ContentReplaceBehavior [ RunTime:0.000253s ]
INFO: [ template_filter ] --END-- [ RunTime:0.000416s ]
NOTIC: [8] Undefined variable: title D:\files\wamp\www\blog\Application\Runtime\Cache\Home\08e5361cb4cd21b916dc7e31b96a4be4.php 第 7 行.
INFO: Run Behavior\ParseTemplateBehavior [ RunTime:0.028821s ]
INFO: [ view_parse ] --END-- [ RunTime:0.028979s ]
INFO: [ view_filter ] --START--
INFO: Run Behavior\WriteHtmlCacheBehavior [ RunTime:0.000667s ]
INFO: [ view_filter ] --END-- [ RunTime:0.000815s ]
INFO: [ app_end ] --START--
INFO: Run Behavior\ShowPageTraceBehavior [ RunTime:0.001182s ]
INFO: [ app_end ] --END-- [ RunTime:0.001352s ]

[ 2015-08-11T11:02:53+08:00 ] 192.168.80.199 /blog/index.php/Home/Photo/index.html?id=91
INFO: [ app_init ] --START--
INFO: Run Behavior\BuildLiteBehavior [ RunTime:0.000041s ]
INFO: [ app_init ] --END-- [ RunTime:0.000775s ]
INFO: [ app_begin ] --START--
INFO: Run Behavior\ReadHtmlCacheBehavior [ RunTime:0.000939s ]
INFO: [ app_begin ] --END-- [ RunTime:0.001106s ]
SQL: SELECT * FROM `blog_photo` WHERE `aid` = 91  [ RunTime:0.0431s ]
SQL: SELECT `scan` FROM `blog_album` WHERE `id` = 91 LIMIT 1   [ RunTime:0.0010s ]
SQL: UPDATE `blog_album` SET `scan`='5' WHERE `id` = 91 [ RunTime:0.0857s ]
SQL: SELECT * FROM `blog_album` WHERE `id` = 91 LIMIT 1   [ RunTime:0.0011s ]
INFO: [ view_parse ] --START--
INFO: [ template_filter ] --START--
INFO: Run Behavior\ContentReplaceBehavior [ RunTime:0.000154s ]
INFO: [ template_filter ] --END-- [ RunTime:0.000354s ]
INFO: Run Behavior\ParseTemplateBehavior [ RunTime:0.027236s ]
INFO: [ view_parse ] --END-- [ RunTime:0.027497s ]
INFO: [ view_filter ] --START--
INFO: Run Behavior\WriteHtmlCacheBehavior [ RunTime:0.000877s ]
INFO: [ view_filter ] --END-- [ RunTime:0.001036s ]
INFO: [ app_end ] --START--
INFO: Run Behavior\ShowPageTraceBehavior [ RunTime:0.001244s ]
INFO: [ app_end ] --END-- [ RunTime:0.001414s ]

[ 2015-08-11T11:57:58+08:00 ] 192.168.80.199 /blog/index.php/Home/Album/index.html
INFO: [ app_init ] --START--
INFO: Run Behavior\BuildLiteBehavior [ RunTime:0.000047s ]
INFO: [ app_init ] --END-- [ RunTime:0.000996s ]
INFO: [ app_begin ] --START--
INFO: Run Behavior\ReadHtmlCacheBehavior [ RunTime:0.001026s ]
INFO: [ app_begin ] --END-- [ RunTime:0.001195s ]
NOTIC: [8] Undefined index: uid D:\files\wamp\www\blog\Application\Home\Controller\AlbumController.class.php 第 13 行.
SQL: SELECT * FROM `blog_album` WHERE `uid` = 31  [ RunTime:0.0006s ]
INFO: [ view_parse ] --START--
INFO: [ template_filter ] --START--
INFO: Run Behavior\ContentReplaceBehavior [ RunTime:0.000253s ]
INFO: [ template_filter ] --END-- [ RunTime:0.000414s ]
NOTIC: [8] Undefined variable: title D:\files\wamp\www\blog\Application\Runtime\Cache\Home\08e5361cb4cd21b916dc7e31b96a4be4.php 第 7 行.
INFO: Run Behavior\ParseTemplateBehavior [ RunTime:0.027306s ]
INFO: [ view_parse ] --END-- [ RunTime:0.027461s ]
INFO: [ view_filter ] --START--
INFO: Run Behavior\WriteHtmlCacheBehavior [ RunTime:0.000702s ]
INFO: [ view_filter ] --END-- [ RunTime:0.000836s ]
INFO: [ app_end ] --START--
INFO: Run Behavior\ShowPageTraceBehavior [ RunTime:0.000931s ]
INFO: [ app_end ] --END-- [ RunTime:0.001066s ]

[ 2015-08-11T11:58:10+08:00 ] 192.168.80.199 /blog/index.php/Home/Photo/index.html?id=91
INFO: [ app_init ] --START--
INFO: Run Behavior\BuildLiteBehavior [ RunTime:0.000040s ]
INFO: [ app_init ] --END-- [ RunTime:0.000753s ]
INFO: [ app_begin ] --START--
INFO: Run Behavior\ReadHtmlCacheBehavior [ RunTime:0.000870s ]
INFO: [ app_begin ] --END-- [ RunTime:0.001058s ]
SQL: SELECT * FROM `blog_photo` WHERE `aid` = 91  [ RunTime:0.0006s ]
SQL: SELECT `scan` FROM `blog_album` WHERE `id` = 91 LIMIT 1   [ RunTime:0.0004s ]
SQL: UPDATE `blog_album` SET `scan`='6' WHERE `id` = 91 [ RunTime:0.1726s ]
SQL: SELECT * FROM `blog_album` WHERE `id` = 91 LIMIT 1   [ RunTime:0.0006s ]
INFO: [ view_parse ] --START--
INFO: [ template_filter ] --START--
INFO: Run Behavior\ContentReplaceBehavior [ RunTime:0.000142s ]
INFO: [ template_filter ] --END-- [ RunTime:0.000337s ]
INFO: Run Behavior\ParseTemplateBehavior [ RunTime:0.019495s ]
INFO: [ view_parse ] --END-- [ RunTime:0.019678s ]
INFO: [ view_filter ] --START--
INFO: Run Behavior\WriteHtmlCacheBehavior [ RunTime:0.000769s ]
INFO: [ view_filter ] --END-- [ RunTime:0.000912s ]
INFO: [ app_end ] --START--
INFO: Run Behavior\ShowPageTraceBehavior [ RunTime:0.000955s ]
INFO: [ app_end ] --END-- [ RunTime:0.001092s ]

[ 2015-08-11T11:58:21+08:00 ] 192.168.80.199 /blog/index.php/Home/Review/addReview.html
INFO: [ app_init ] --START--
INFO: Run Behavior\BuildLiteBehavior [ RunTime:0.000049s ]
INFO: [ app_init ] --END-- [ RunTime:0.001210s ]
INFO: [ app_begin ] --START--
INFO: Run Behavior\ReadHtmlCacheBehavior [ RunTime:0.001000s ]
INFO: [ app_begin ] --END-- [ RunTime:0.001173s ]
NOTIC: [8] Undefined index: uid D:\files\wamp\www\blog\Application\Home\Controller\ReviewController.class.php 第 27 行.
SQL: INSERT INTO `blog_review` (`content`,`cateid`,`path`,`pid`,`sender`,`owner`,`receiver`,`addtime`) VALUES ('fghj','2','\'2\'','43','31','0','0','1439265501') [ RunTime:0.0842s ]
INFO: [ app_end ] --START--
INFO: Run Behavior\ShowPageTraceBehavior [ RunTime:0.001411s ]
INFO: [ app_end ] --END-- [ RunTime:0.001672s ]

[ 2015-08-11T17:23:02+08:00 ] 192.168.80.199 /blog/index.php/Home
INFO: [ app_init ] --START--
INFO: Run Behavior\BuildLiteBehavior [ RunTime:0.000044s ]
INFO: [ app_init ] --END-- [ RunTime:0.000920s ]
INFO: [ app_begin ] --START--
INFO: Run Behavior\ReadHtmlCacheBehavior [ RunTime:0.001409s ]
INFO: [ app_begin ] --END-- [ RunTime:0.001646s ]

[ 2015-08-11T17:23:02+08:00 ] 192.168.80.199 /blog/index.php/Home/Register/register.html
INFO: [ app_init ] --START--
INFO: Run Behavior\BuildLiteBehavior [ RunTime:0.000042s ]
INFO: [ app_init ] --END-- [ RunTime:0.000781s ]
INFO: [ app_begin ] --START--
INFO: Run Behavior\ReadHtmlCacheBehavior [ RunTime:0.000860s ]
INFO: [ app_begin ] --END-- [ RunTime:0.001028s ]
INFO: [ view_parse ] --START--
INFO: [ template_filter ] --START--
INFO: Run Behavior\ContentReplaceBehavior [ RunTime:0.000323s ]
INFO: [ template_filter ] --END-- [ RunTime:0.000504s ]
INFO: Run Behavior\ParseTemplateBehavior [ RunTime:0.016393s ]
INFO: [ view_parse ] --END-- [ RunTime:0.016563s ]
INFO: [ view_filter ] --START--
INFO: Run Behavior\WriteHtmlCacheBehavior [ RunTime:0.000663s ]
INFO: [ view_filter ] --END-- [ RunTime:0.000810s ]
INFO: [ app_end ] --START--
INFO: Run Behavior\ShowPageTraceBehavior [ RunTime:0.000968s ]
INFO: [ app_end ] --END-- [ RunTime:0.001123s ]

[ 2015-08-11T17:23:03+08:00 ] 192.168.80.199 /blog/index.php/Home/Register/verifyImg
INFO: [ app_init ] --START--
INFO: Run Behavior\BuildLiteBehavior [ RunTime:0.000053s ]
INFO: [ app_init ] --END-- [ RunTime:0.000986s ]
INFO: [ app_begin ] --START--
INFO: Run Behavior\ReadHtmlCacheBehavior [ RunTime:0.001312s ]
INFO: [ app_begin ] --END-- [ RunTime:0.001629s ]
INFO: [ app_end ] --START--
INFO: Run Behavior\ShowPageTraceBehavior [ RunTime:0.001659s ]
INFO: [ app_end ] --END-- [ RunTime:0.001888s ]

