[ 2015-08-09T12:56:10+08:00 ] 192.168.80.199 /blog/
INFO: [ app_init ] --START--
INFO: Run Behavior\BuildLiteBehavior [ RunTime:0.000056s ]
INFO: [ app_init ] --END-- [ RunTime:0.001075s ]
INFO: [ app_begin ] --START--
INFO: Run Behavior\ReadHtmlCacheBehavior [ RunTime:0.001443s ]
INFO: [ app_begin ] --END-- [ RunTime:0.001656s ]

[ 2015-08-09T12:56:10+08:00 ] 192.168.80.199 /blog/index.php/Home/Register/register.html
INFO: [ app_init ] --START--
INFO: Run Behavior\BuildLiteBehavior [ RunTime:0.000035s ]
INFO: [ app_init ] --END-- [ RunTime:0.000654s ]
INFO: [ app_begin ] --START--
INFO: Run Behavior\ReadHtmlCacheBehavior [ RunTime:0.000964s ]
INFO: [ app_begin ] --END-- [ RunTime:0.001120s ]
INFO: [ view_parse ] --START--
INFO: [ template_filter ] --START--
INFO: Run Behavior\ContentReplaceBehavior [ RunTime:0.000235s ]
INFO: [ template_filter ] --END-- [ RunTime:0.000391s ]
INFO: Run Behavior\ParseTemplateBehavior [ RunTime:0.054758s ]
INFO: [ view_parse ] --END-- [ RunTime:0.054978s ]
INFO: [ view_filter ] --START--
INFO: Run Behavior\WriteHtmlCacheBehavior [ RunTime:0.000611s ]
INFO: [ view_filter ] --END-- [ RunTime:0.000744s ]
INFO: [ app_end ] --START--
INFO: Run Behavior\ShowPageTraceBehavior [ RunTime:0.001348s ]
INFO: [ app_end ] --END-- [ RunTime:0.001508s ]

[ 2015-08-09T12:56:34+08:00 ] 192.168.80.199 /blog/index.php/Home/Register/verifyImg
INFO: [ app_init ] --START--
INFO: Run Behavior\BuildLiteBehavior [ RunTime:0.000040s ]
INFO: [ app_init ] --END-- [ RunTime:0.000872s ]
INFO: [ app_begin ] --START--
INFO: Run Behavior\ReadHtmlCacheBehavior [ RunTime:0.001154s ]
INFO: [ app_begin ] --END-- [ RunTime:0.001324s ]
INFO: [ app_end ] --START--
INFO: Run Behavior\ShowPageTraceBehavior [ RunTime:0.001766s ]
INFO: [ app_end ] --END-- [ RunTime:0.002026s ]

[ 2015-08-09T15:28:37+08:00 ] 192.168.80.199 /blog/index.php/Home/Login/dologin.html
INFO: [ app_init ] --START--
INFO: Run Behavior\BuildLiteBehavior [ RunTime:0.000042s ]
INFO: [ app_init ] --END-- [ RunTime:0.000863s ]
INFO: [ app_begin ] --START--
INFO: Run Behavior\ReadHtmlCacheBehavior [ RunTime:0.001223s ]
INFO: [ app_begin ] --END-- [ RunTime:0.001411s ]
SQL: SELECT * FROM `blog_user` WHERE `email` = 'apeng1@qq.com' LIMIT 1   [ RunTime:0.0010s ]
SQL: SELECT * FROM `blog_user` WHERE `id` = 31 LIMIT 1   [ RunTime:0.0011s ]
SQL: UPDATE `blog_user` SET `experience`='130' WHERE `id` = 31 [ RunTime:0.1447s ]

[ 2015-08-09T15:28:37+08:00 ] 192.168.80.199 /blog/index.php/Home/Index/index.html
INFO: [ app_init ] --START--
INFO: Run Behavior\BuildLiteBehavior [ RunTime:0.000066s ]
INFO: [ app_init ] --END-- [ RunTime:0.001376s ]
INFO: [ app_begin ] --START--
INFO: Run Behavior\ReadHtmlCacheBehavior [ RunTime:0.000849s ]
INFO: [ app_begin ] --END-- [ RunTime:0.001007s ]
SQL: SELECT * FROM `blog_head_img` WHERE `uid` = 31 LIMIT 1   [ RunTime:0.0366s ]
SQL: SELECT * FROM `blog_visitor` WHERE `uid` = 31 GROUP BY visitor ORDER BY addtime desc LIMIT 9   [ RunTime:0.0086s ]
SQL: SELECT * FROM `blog_user` WHERE `id` = 31 LIMIT 1   [ RunTime:0.0008s ]
SQL: SELECT * FROM `blog_news` ORDER BY addtime desc LIMIT 6   [ RunTime:0.0042s ]
INFO: [ view_parse ] --START--
INFO: [ template_filter ] --START--
INFO: Run Behavior\ContentReplaceBehavior [ RunTime:0.000295s ]
INFO: [ template_filter ] --END-- [ RunTime:0.000475s ]
INFO: Run Behavior\ParseTemplateBehavior [ RunTime:0.071954s ]
INFO: [ view_parse ] --END-- [ RunTime:0.072119s ]
INFO: [ view_filter ] --START--
INFO: Run Behavior\WriteHtmlCacheBehavior [ RunTime:0.000686s ]
INFO: [ view_filter ] --END-- [ RunTime:0.000812s ]
INFO: [ app_end ] --START--
INFO: Run Behavior\ShowPageTraceBehavior [ RunTime:0.000953s ]
INFO: [ app_end ] --END-- [ RunTime:0.001086s ]

[ 2015-08-09T15:28:37+08:00 ] 192.168.80.199 /blog/index.php/Home/Mydong/friend.html
INFO: [ app_init ] --START--
INFO: Run Behavior\BuildLiteBehavior [ RunTime:0.000039s ]
INFO: [ app_init ] --END-- [ RunTime:0.000786s ]
INFO: [ app_begin ] --START--
INFO: Run Behavior\ReadHtmlCacheBehavior [ RunTime:0.001120s ]
INFO: [ app_begin ] --END-- [ RunTime:0.001278s ]
SQL: SELECT `fidlist` FROM `blog_friend` WHERE `uid` = 31  [ RunTime:0.0500s ]
SQL: SELECT * FROM `blog_record` WHERE ( uid in (33,35,36,32) ) ORDER BY addtime desc LIMIT 10   [ RunTime:0.0141s ]
SQL: SELECT * FROM `blog_user` WHERE `id` = 35 LIMIT 1   [ RunTime:0.0015s ]
SQL: SELECT * FROM `blog_head_img` WHERE `uid` = 35 LIMIT 1   [ RunTime:0.0009s ]
SQL: SELECT * FROM `blog_user` WHERE `id` = 35 LIMIT 1   [ RunTime:0.0010s ]
SQL: SELECT * FROM `blog_head_img` WHERE `uid` = 35 LIMIT 1   [ RunTime:0.0007s ]
SQL: SELECT * FROM `blog_user` WHERE `id` = 33 LIMIT 1   [ RunTime:0.0010s ]
SQL: SELECT * FROM `blog_head_img` WHERE `uid` = 33 LIMIT 1   [ RunTime:0.0009s ]
SQL: SELECT * FROM `blog_user` WHERE `id` = 33 LIMIT 1   [ RunTime:0.0010s ]
SQL: SELECT * FROM `blog_head_img` WHERE `uid` = 33 LIMIT 1   [ RunTime:0.0007s ]
SQL: SELECT * FROM `blog_user` WHERE `id` = 35 LIMIT 1   [ RunTime:0.0009s ]
SQL: SELECT * FROM `blog_head_img` WHERE `uid` = 35 LIMIT 1   [ RunTime:0.0007s ]
SQL: SELECT * FROM `blog_user` WHERE `id` = 32 LIMIT 1   [ RunTime:0.0010s ]
SQL: SELECT * FROM `blog_head_img` WHERE `uid` = 32 LIMIT 1   [ RunTime:0.0008s ]
SQL: SELECT * FROM `blog_user` WHERE `id` = 35 LIMIT 1   [ RunTime:0.0010s ]
SQL: SELECT * FROM `blog_head_img` WHERE `uid` = 35 LIMIT 1   [ RunTime:0.0010s ]
SQL: SELECT * FROM `blog_user` WHERE `id` = 36 LIMIT 1   [ RunTime:0.0009s ]
SQL: SELECT * FROM `blog_head_img` WHERE `uid` = 36 LIMIT 1   [ RunTime:0.0005s ]
SQL: SELECT * FROM `blog_user` WHERE `id` = 36 LIMIT 1   [ RunTime:0.0006s ]
SQL: SELECT * FROM `blog_head_img` WHERE `uid` = 36 LIMIT 1   [ RunTime:0.0011s ]
SQL: SELECT * FROM `blog_mood` WHERE ( uid in (33,35,36,32) ) ORDER BY addtime desc LIMIT 8   [ RunTime:0.0013s ]
SQL: SELECT * FROM `blog_log_cate` WHERE ( uid in (33,35,36,32) )  [ RunTime:0.0153s ]
NOTIC: [2048] Declaration of Home\Controller\LogController::theme() should be compatible with Think\Controller::theme($theme) D:\files\wamp\www\blog\Application\Home\Controller\LogController.class.php 第 293 行.
SQL: SELECT * FROM `blog_log` WHERE ( cid in (14,15,16,19,20) ) ORDER BY addtime desc LIMIT 1   [ RunTime:0.0163s ]
INFO: [ view_parse ] --START--
INFO: [ template_filter ] --START--
INFO: Run Behavior\ContentReplaceBehavior [ RunTime:0.000150s ]
INFO: [ template_filter ] --END-- [ RunTime:0.000309s ]
NOTIC: [8] Undefined index: review D:\files\wamp\www\blog\Application\Runtime\Cache\Home\096c0501a97510b87ff0ba23b4c95a80.php 第 18 行.
NOTIC: [8] Undefined index: review D:\files\wamp\www\blog\Application\Runtime\Cache\Home\096c0501a97510b87ff0ba23b4c95a80.php 第 18 行.
NOTIC: [8] Undefined index: review D:\files\wamp\www\blog\Application\Runtime\Cache\Home\096c0501a97510b87ff0ba23b4c95a80.php 第 18 行.
NOTIC: [8] Undefined index: review D:\files\wamp\www\blog\Application\Runtime\Cache\Home\096c0501a97510b87ff0ba23b4c95a80.php 第 18 行.
NOTIC: [8] Undefined index: uid D:\files\wamp\www\blog\Application\Runtime\Cache\Home\096c0501a97510b87ff0ba23b4c95a80.php 第 66 行.
NOTIC: [8] Undefined index: review D:\files\wamp\www\blog\Application\Runtime\Cache\Home\096c0501a97510b87ff0ba23b4c95a80.php 第 18 行.
NOTIC: [8] Undefined index: review D:\files\wamp\www\blog\Application\Runtime\Cache\Home\096c0501a97510b87ff0ba23b4c95a80.php 第 18 行.
NOTIC: [8] Undefined index: review D:\files\wamp\www\blog\Application\Runtime\Cache\Home\096c0501a97510b87ff0ba23b4c95a80.php 第 18 行.
NOTIC: [8] Undefined index: review D:\files\wamp\www\blog\Application\Runtime\Cache\Home\096c0501a97510b87ff0ba23b4c95a80.php 第 18 行.
NOTIC: [8] Undefined index: review D:\files\wamp\www\blog\Application\Runtime\Cache\Home\096c0501a97510b87ff0ba23b4c95a80.php 第 18 行.
INFO: Run Behavior\ParseTemplateBehavior [ RunTime:0.051127s ]
INFO: [ view_parse ] --END-- [ RunTime:0.051286s ]
INFO: [ view_filter ] --START--
INFO: Run Behavior\WriteHtmlCacheBehavior [ RunTime:0.000775s ]
INFO: [ view_filter ] --END-- [ RunTime:0.000921s ]
INFO: [ app_end ] --START--
INFO: Run Behavior\ShowPageTraceBehavior [ RunTime:0.001166s ]
INFO: [ app_end ] --END-- [ RunTime:0.001310s ]

