[ 2015-08-12T11:40:07+08:00 ] 192.168.80.199 /blog/index.php/Home
INFO: [ app_init ] --START--
INFO: Run Behavior\BuildLiteBehavior [ RunTime:0.000039s ]
INFO: [ app_init ] --END-- [ RunTime:0.000810s ]
INFO: [ app_begin ] --START--
INFO: Run Behavior\ReadHtmlCacheBehavior [ RunTime:0.001105s ]
INFO: [ app_begin ] --END-- [ RunTime:0.001280s ]

[ 2015-08-12T11:40:07+08:00 ] 192.168.80.199 /blog/index.php/Home/Register/register.html
INFO: [ app_init ] --START--
INFO: Run Behavior\BuildLiteBehavior [ RunTime:0.000036s ]
INFO: [ app_init ] --END-- [ RunTime:0.000628s ]
INFO: [ app_begin ] --START--
INFO: Run Behavior\ReadHtmlCacheBehavior [ RunTime:0.000809s ]
INFO: [ app_begin ] --END-- [ RunTime:0.000957s ]
INFO: [ view_parse ] --START--
INFO: [ template_filter ] --START--
INFO: Run Behavior\ContentReplaceBehavior [ RunTime:0.000244s ]
INFO: [ template_filter ] --END-- [ RunTime:0.000455s ]
INFO: Run Behavior\ParseTemplateBehavior [ RunTime:0.015495s ]
INFO: [ view_parse ] --END-- [ RunTime:0.015672s ]
INFO: [ view_filter ] --START--
INFO: Run Behavior\WriteHtmlCacheBehavior [ RunTime:0.000715s ]
INFO: [ view_filter ] --END-- [ RunTime:0.000857s ]
INFO: [ app_end ] --START--
INFO: Run Behavior\ShowPageTraceBehavior [ RunTime:0.000955s ]
INFO: [ app_end ] --END-- [ RunTime:0.001111s ]

[ 2015-08-12T11:40:09+08:00 ] 192.168.80.199 /blog/index.php/Home/Register/verifyImg
INFO: [ app_init ] --START--
INFO: Run Behavior\BuildLiteBehavior [ RunTime:0.000036s ]
INFO: [ app_init ] --END-- [ RunTime:0.000661s ]
INFO: [ app_begin ] --START--
INFO: Run Behavior\ReadHtmlCacheBehavior [ RunTime:0.000837s ]
INFO: [ app_begin ] --END-- [ RunTime:0.000997s ]
INFO: [ app_end ] --START--
INFO: Run Behavior\ShowPageTraceBehavior [ RunTime:0.002155s ]
INFO: [ app_end ] --END-- [ RunTime:0.002580s ]

[ 2015-08-12T15:49:14+08:00 ] 192.168.80.199 /blog/index.php/Home/Login/dologin.html
INFO: [ app_init ] --START--
INFO: Run Behavior\BuildLiteBehavior [ RunTime:0.000044s ]
INFO: [ app_init ] --END-- [ RunTime:0.000848s ]
INFO: [ app_begin ] --START--
INFO: Run Behavior\ReadHtmlCacheBehavior [ RunTime:0.001034s ]
INFO: [ app_begin ] --END-- [ RunTime:0.001215s ]
SQL: SELECT * FROM `blog_user` WHERE `email` = 'apeng3@qq.com' LIMIT 1   [ RunTime:0.0008s ]
SQL: SELECT * FROM `blog_user` WHERE `id` = 34 LIMIT 1   [ RunTime:0.0006s ]
SQL: UPDATE `blog_user` SET `experience`='110' WHERE `id` = 34 [ RunTime:0.0885s ]

[ 2015-08-12T15:49:14+08:00 ] 192.168.80.199 /blog/index.php/Home/Index/index.html
INFO: [ app_init ] --START--
INFO: Run Behavior\BuildLiteBehavior [ RunTime:0.000042s ]
INFO: [ app_init ] --END-- [ RunTime:0.000894s ]
INFO: [ app_begin ] --START--
INFO: Run Behavior\ReadHtmlCacheBehavior [ RunTime:0.000851s ]
INFO: [ app_begin ] --END-- [ RunTime:0.001008s ]
SQL: SELECT * FROM `blog_head_img` WHERE `uid` = 34 LIMIT 1   [ RunTime:0.0005s ]
SQL: SELECT * FROM `blog_visitor` WHERE `uid` = 34 GROUP BY visitor ORDER BY addtime desc LIMIT 9   [ RunTime:0.0009s ]
SQL: SELECT * FROM `blog_head_img` WHERE `uid` = 33 LIMIT 1   [ RunTime:0.0007s ]
SQL: SELECT * FROM `blog_user` WHERE `id` = 33 LIMIT 1   [ RunTime:0.0007s ]
SQL: SELECT * FROM `blog_head_img` WHERE `uid` = 31 LIMIT 1   [ RunTime:0.0004s ]
SQL: SELECT * FROM `blog_user` WHERE `id` = 31 LIMIT 1   [ RunTime:0.0005s ]
SQL: SELECT * FROM `blog_head_img` WHERE `uid` = 32 LIMIT 1   [ RunTime:0.0004s ]
SQL: SELECT * FROM `blog_user` WHERE `id` = 32 LIMIT 1   [ RunTime:0.0006s ]
SQL: SELECT * FROM `blog_head_img` WHERE `uid` = 36 LIMIT 1   [ RunTime:0.0004s ]
SQL: SELECT * FROM `blog_user` WHERE `id` = 36 LIMIT 1   [ RunTime:0.0005s ]
SQL: SELECT * FROM `blog_head_img` WHERE `uid` = 35 LIMIT 1   [ RunTime:0.0004s ]
SQL: SELECT * FROM `blog_user` WHERE `id` = 35 LIMIT 1   [ RunTime:0.0006s ]
SQL: SELECT * FROM `blog_user` WHERE `id` = 34 LIMIT 1   [ RunTime:0.0005s ]
SQL: SELECT * FROM `blog_news` ORDER BY addtime desc LIMIT 6   [ RunTime:0.0006s ]
INFO: [ view_parse ] --START--
INFO: [ template_filter ] --START--
INFO: Run Behavior\ContentReplaceBehavior [ RunTime:0.000269s ]
INFO: [ template_filter ] --END-- [ RunTime:0.000447s ]
INFO: Run Behavior\ParseTemplateBehavior [ RunTime:0.042873s ]
INFO: [ view_parse ] --END-- [ RunTime:0.043044s ]
INFO: [ view_filter ] --START--
INFO: Run Behavior\WriteHtmlCacheBehavior [ RunTime:0.000671s ]
INFO: [ view_filter ] --END-- [ RunTime:0.000810s ]
INFO: [ app_end ] --START--
INFO: Run Behavior\ShowPageTraceBehavior [ RunTime:0.000977s ]
INFO: [ app_end ] --END-- [ RunTime:0.001125s ]

[ 2015-08-12T15:49:14+08:00 ] 192.168.80.199 /blog/index.php/Home/Mydong/friend.html
INFO: [ app_init ] --START--
INFO: Run Behavior\BuildLiteBehavior [ RunTime:0.000042s ]
INFO: [ app_init ] --END-- [ RunTime:0.000864s ]
INFO: [ app_begin ] --START--
INFO: Run Behavior\ReadHtmlCacheBehavior [ RunTime:0.001591s ]
INFO: [ app_begin ] --END-- [ RunTime:0.001761s ]
SQL: SELECT `fidlist` FROM `blog_friend` WHERE `uid` = 34  [ RunTime:0.0004s ]
ERR: SQLSTATE[42000]: Syntax error or access violation: 1064 You have an error in your SQL syntax; check the manual that corresponds to your MySQL server version for the right syntax to use near ') ) ORDER BY addtime desc LIMIT 10' at line 1

[ 2015-08-12T15:49:19+08:00 ] 192.168.80.199 /blog/index.php/Home/Log/index.html
INFO: [ app_init ] --START--
INFO: Run Behavior\BuildLiteBehavior [ RunTime:0.000037s ]
INFO: [ app_init ] --END-- [ RunTime:0.000751s ]
INFO: [ app_begin ] --START--
INFO: Run Behavior\ReadHtmlCacheBehavior [ RunTime:0.001044s ]
INFO: [ app_begin ] --END-- [ RunTime:0.001213s ]
NOTIC: [2048] Declaration of Home\Controller\LogController::theme() should be compatible with Think\Controller::theme($theme) D:\files\wamp\www\blog\Application\Home\Controller\LogController.class.php 第 9 行.
NOTIC: [8] Undefined index: uid D:\files\wamp\www\blog\Application\Home\Controller\LogController.class.php 第 15 行.
SQL: SELECT * FROM `blog_log_cate` WHERE `uid` = 34  [ RunTime:0.0005s ]
SQL: SELECT * FROM `blog_log` WHERE ( cid in (17) and flag=0 )  [ RunTime:0.0007s ]
INFO: [ view_parse ] --START--
INFO: [ template_filter ] --START--
INFO: Run Behavior\ContentReplaceBehavior [ RunTime:0.000264s ]
INFO: [ template_filter ] --END-- [ RunTime:0.000441s ]
NOTIC: [8] Undefined variable: flag D:\files\wamp\www\blog\Application\Runtime\Cache\Home\d7fecc3d2825db60804b3ca6dc36e75a.php 第 137 行.
NOTIC: [8] Undefined variable: flag D:\files\wamp\www\blog\Application\Runtime\Cache\Home\d7fecc3d2825db60804b3ca6dc36e75a.php 第 142 行.
NOTIC: [8] Undefined variable: flag D:\files\wamp\www\blog\Application\Runtime\Cache\Home\d7fecc3d2825db60804b3ca6dc36e75a.php 第 149 行.
NOTIC: [8] Undefined variable: flag D:\files\wamp\www\blog\Application\Runtime\Cache\Home\d7fecc3d2825db60804b3ca6dc36e75a.php 第 155 行.
NOTIC: [8] Undefined variable: flag D:\files\wamp\www\blog\Application\Runtime\Cache\Home\d7fecc3d2825db60804b3ca6dc36e75a.php 第 173 行.
NOTIC: [8] Undefined variable: flag D:\files\wamp\www\blog\Application\Runtime\Cache\Home\d7fecc3d2825db60804b3ca6dc36e75a.php 第 188 行.
INFO: Run Behavior\ParseTemplateBehavior [ RunTime:0.037821s ]
INFO: [ view_parse ] --END-- [ RunTime:0.038003s ]
INFO: [ view_filter ] --START--
INFO: Run Behavior\WriteHtmlCacheBehavior [ RunTime:0.000739s ]
INFO: [ view_filter ] --END-- [ RunTime:0.000883s ]
INFO: [ app_end ] --START--
INFO: Run Behavior\ShowPageTraceBehavior [ RunTime:0.000939s ]
INFO: [ app_end ] --END-- [ RunTime:0.001085s ]

[ 2015-08-12T15:49:22+08:00 ] 192.168.80.199 /blog/index.php/Home/Advice/index.html
INFO: [ app_init ] --START--
INFO: Run Behavior\BuildLiteBehavior [ RunTime:0.000039s ]
INFO: [ app_init ] --END-- [ RunTime:0.000762s ]
INFO: [ app_begin ] --START--
INFO: Run Behavior\ReadHtmlCacheBehavior [ RunTime:0.000856s ]
INFO: [ app_begin ] --END-- [ RunTime:0.000998s ]
SQL: SELECT * FROM `blog_advice` WHERE `uid` = 34  [ RunTime:0.0007s ]
INFO: [ view_parse ] --START--
INFO: [ template_filter ] --START--
INFO: Run Behavior\ContentReplaceBehavior [ RunTime:0.000099s ]
INFO: [ template_filter ] --END-- [ RunTime:0.000260s ]
NOTIC: [8] Undefined index: mess D:\files\wamp\www\blog\Application\Runtime\Cache\Home\5a791fb4c4fad1b8692ab68339b89436.php 第 1 行.
NOTIC: [8] Use of undefined constant id - assumed 'id' D:\files\wamp\www\blog\Application\Runtime\Cache\Home\5a791fb4c4fad1b8692ab68339b89436.php 第 6 行.
NOTIC: [8] Undefined variable: name D:\files\wamp\www\blog\Application\Runtime\Cache\Home\5a791fb4c4fad1b8692ab68339b89436.php 第 10 行.
NOTIC: [8] Use of undefined constant id - assumed 'id' D:\files\wamp\www\blog\Application\Runtime\Cache\Home\5a791fb4c4fad1b8692ab68339b89436.php 第 6 行.
NOTIC: [8] Undefined variable: name D:\files\wamp\www\blog\Application\Runtime\Cache\Home\5a791fb4c4fad1b8692ab68339b89436.php 第 10 行.
INFO: Run Behavior\ParseTemplateBehavior [ RunTime:0.036477s ]
INFO: [ view_parse ] --END-- [ RunTime:0.036635s ]
INFO: [ view_filter ] --START--
INFO: Run Behavior\WriteHtmlCacheBehavior [ RunTime:0.000681s ]
INFO: [ view_filter ] --END-- [ RunTime:0.000813s ]
INFO: [ app_end ] --START--
INFO: Run Behavior\ShowPageTraceBehavior [ RunTime:0.001078s ]
INFO: [ app_end ] --END-- [ RunTime:0.001229s ]

[ 2015-08-12T15:49:24+08:00 ] 192.168.80.199 /blog/index.php/Home/Advice/add.html
INFO: [ app_init ] --START--
INFO: Run Behavior\BuildLiteBehavior [ RunTime:0.000054s ]
INFO: [ app_init ] --END-- [ RunTime:0.001909s ]
INFO: [ app_begin ] --START--
INFO: Run Behavior\ReadHtmlCacheBehavior [ RunTime:0.001211s ]
INFO: [ app_begin ] --END-- [ RunTime:0.001409s ]
INFO: [ view_parse ] --START--
INFO: [ template_filter ] --START--
INFO: Run Behavior\ContentReplaceBehavior [ RunTime:0.000098s ]
INFO: [ template_filter ] --END-- [ RunTime:0.000252s ]
NOTIC: [8] Undefined variable: info D:\files\wamp\www\blog\Application\Runtime\Cache\Home\dfb2802642b645c570c21ccd48b5547a.php 第 3 行.
NOTIC: [8] Undefined variable: info D:\files\wamp\www\blog\Application\Runtime\Cache\Home\dfb2802642b645c570c21ccd48b5547a.php 第 5 行.
INFO: Run Behavior\ParseTemplateBehavior [ RunTime:0.012214s ]
INFO: [ view_parse ] --END-- [ RunTime:0.012366s ]
INFO: [ view_filter ] --START--
INFO: Run Behavior\WriteHtmlCacheBehavior [ RunTime:0.000709s ]
INFO: [ view_filter ] --END-- [ RunTime:0.000846s ]
INFO: [ app_end ] --START--
INFO: Run Behavior\ShowPageTraceBehavior [ RunTime:0.001044s ]
INFO: [ app_end ] --END-- [ RunTime:0.001204s ]

[ 2015-08-12T15:49:31+08:00 ] 192.168.80.199 /blog/index.php/Home/Advice/insert.html?title=sss&content=%3Cp%3Esssss%3C%2Fp%3E
INFO: [ app_init ] --START--
INFO: Run Behavior\BuildLiteBehavior [ RunTime:0.000035s ]
INFO: [ app_init ] --END-- [ RunTime:0.000751s ]
INFO: [ app_begin ] --START--
INFO: Run Behavior\ReadHtmlCacheBehavior [ RunTime:0.001233s ]
INFO: [ app_begin ] --END-- [ RunTime:0.001370s ]
SQL: INSERT INTO `blog_advice` (`title`,`content`,`uid`,`addtime`) VALUES ('sss','&lt;p&gt;sssss&lt;/p&gt;','34','1439365771') [ RunTime:0.0792s ]
INFO: [ app_end ] --START--
INFO: Run Behavior\ShowPageTraceBehavior [ RunTime:0.002920s ]
INFO: [ app_end ] --END-- [ RunTime:0.003202s ]

[ 2015-08-12T15:49:48+08:00 ] 192.168.80.199 /blog/index.php/Home/Advice/insert.html?title=sss&content=%3Cp%3Esssss%3C%2Fp%3E
INFO: [ app_init ] --START--
INFO: Run Behavior\BuildLiteBehavior [ RunTime:0.000039s ]
INFO: [ app_init ] --END-- [ RunTime:0.000816s ]
INFO: [ app_begin ] --START--
INFO: Run Behavior\ReadHtmlCacheBehavior [ RunTime:0.001326s ]
INFO: [ app_begin ] --END-- [ RunTime:0.001473s ]
SQL: INSERT INTO `blog_advice` (`title`,`content`,`uid`,`addtime`) VALUES ('sss','&lt;p&gt;sssss&lt;/p&gt;','34','1439365788') [ RunTime:0.0878s ]
INFO: [ app_end ] --START--
INFO: Run Behavior\ShowPageTraceBehavior [ RunTime:0.002870s ]
INFO: [ app_end ] --END-- [ RunTime:0.003191s ]

[ 2015-08-12T15:53:37+08:00 ] 192.168.80.199 /blog/index.php/Home/Advice/insert.html?title=sss&content=%3Cp%3Esssss%3C%2Fp%3E
INFO: [ app_init ] --START--
INFO: Run Behavior\BuildLiteBehavior [ RunTime:0.000051s ]
INFO: [ app_init ] --END-- [ RunTime:0.000993s ]
INFO: [ app_begin ] --START--
INFO: Run Behavior\ReadHtmlCacheBehavior [ RunTime:0.001576s ]
INFO: [ app_begin ] --END-- [ RunTime:0.001745s ]
SQL: INSERT INTO `blog_advice` (`title`,`content`,`uid`,`addtime`) VALUES ('sss','&lt;p&gt;sssss&lt;/p&gt;','34','1439366017') [ RunTime:0.1247s ]
INFO: [ app_end ] --START--
INFO: Run Behavior\ShowPageTraceBehavior [ RunTime:0.003063s ]
INFO: [ app_end ] --END-- [ RunTime:0.003367s ]

[ 2015-08-12T15:53:50+08:00 ] 192.168.80.199 /blog/index.php/Home/Advice/insert.html?title=sss&content=%3Cp%3Esssss%3C%2Fp%3E
INFO: [ app_init ] --START--
INFO: Run Behavior\BuildLiteBehavior [ RunTime:0.000040s ]
INFO: [ app_init ] --END-- [ RunTime:0.000731s ]
INFO: [ app_begin ] --START--
INFO: Run Behavior\ReadHtmlCacheBehavior [ RunTime:0.001221s ]
INFO: [ app_begin ] --END-- [ RunTime:0.001361s ]
SQL: INSERT INTO `blog_advice` (`title`,`content`,`uid`,`addtime`) VALUES ('sss','&lt;p&gt;sssss&lt;/p&gt;','34','1439366030') [ RunTime:0.0789s ]
INFO: [ app_end ] --START--
INFO: Run Behavior\ShowPageTraceBehavior [ RunTime:0.003072s ]
INFO: [ app_end ] --END-- [ RunTime:0.003359s ]

[ 2015-08-12T19:56:04+08:00 ] 192.168.80.199 /blog/index.php/Home/Log/index.html
INFO: [ app_init ] --START--
INFO: Run Behavior\BuildLiteBehavior [ RunTime:0.000038s ]
INFO: [ app_init ] --END-- [ RunTime:0.000755s ]
INFO: [ app_begin ] --START--
INFO: Run Behavior\ReadHtmlCacheBehavior [ RunTime:0.001505s ]
INFO: [ app_begin ] --END-- [ RunTime:0.001677s ]
NOTIC: [2048] Declaration of Home\Controller\LogController::theme() should be compatible with Think\Controller::theme($theme) D:\files\wamp\www\blog\Application\Home\Controller\LogController.class.php 第 9 行.
NOTIC: [8] Undefined index: uid D:\files\wamp\www\blog\Application\Home\Controller\LogController.class.php 第 15 行.
SQL: SELECT * FROM `blog_log_cate` WHERE `uid` = 34  [ RunTime:0.0006s ]
SQL: SELECT * FROM `blog_log` WHERE ( cid in (17) and flag=0 )  [ RunTime:0.0009s ]
INFO: [ view_parse ] --START--
INFO: [ template_filter ] --START--
INFO: Run Behavior\ContentReplaceBehavior [ RunTime:0.000287s ]
INFO: [ template_filter ] --END-- [ RunTime:0.000465s ]
NOTIC: [8] Undefined variable: flag D:\files\wamp\www\blog\Application\Runtime\Cache\Home\d7fecc3d2825db60804b3ca6dc36e75a.php 第 137 行.
NOTIC: [8] Undefined variable: flag D:\files\wamp\www\blog\Application\Runtime\Cache\Home\d7fecc3d2825db60804b3ca6dc36e75a.php 第 142 行.
NOTIC: [8] Undefined variable: flag D:\files\wamp\www\blog\Application\Runtime\Cache\Home\d7fecc3d2825db60804b3ca6dc36e75a.php 第 149 行.
NOTIC: [8] Undefined variable: flag D:\files\wamp\www\blog\Application\Runtime\Cache\Home\d7fecc3d2825db60804b3ca6dc36e75a.php 第 155 行.
NOTIC: [8] Undefined variable: flag D:\files\wamp\www\blog\Application\Runtime\Cache\Home\d7fecc3d2825db60804b3ca6dc36e75a.php 第 173 行.
NOTIC: [8] Undefined variable: flag D:\files\wamp\www\blog\Application\Runtime\Cache\Home\d7fecc3d2825db60804b3ca6dc36e75a.php 第 188 行.
INFO: Run Behavior\ParseTemplateBehavior [ RunTime:0.039826s ]
INFO: [ view_parse ] --END-- [ RunTime:0.040028s ]
INFO: [ view_filter ] --START--
INFO: Run Behavior\WriteHtmlCacheBehavior [ RunTime:0.000852s ]
INFO: [ view_filter ] --END-- [ RunTime:0.001003s ]
INFO: [ app_end ] --START--
INFO: Run Behavior\ShowPageTraceBehavior [ RunTime:0.001173s ]
INFO: [ app_end ] --END-- [ RunTime:0.001307s ]

